#
# A fatal error has been detected by the Java Runtime Environment:
#
#  SIGSEGV (0xb) at pc=0x0000000000000000, pid=21642, tid=0x00007f0900c63700
#
# JRE version: OpenJDK Runtime Environment (8.0_111-b14) (build 1.8.0_111-8u111-b14-2ubuntu0.16.04.2-b14)
# Java VM: OpenJDK 64-Bit Server VM (25.111-b14 mixed mode linux-amd64 compressed oops)
# Problematic frame:
# C  0x0000000000000000
#
# Failed to write core dump. Core dumps have been disabled. To enable core dumping, try "ulimit -c unlimited" before starting Java again
#
# If you would like to submit a bug report, please visit:
#   http://bugreport.java.com/bugreport/crash.jsp
#

---------------  T H R E A D  ---------------

Current thread is native thread

siginfo: si_signo: 11 (SIGSEGV), si_code: 1 (SEGV_MAPERR), si_addr: 0x0000000000000000

Registers:
RAX=0x00007f0903df37c0, RBX=0x0000000000000400, RCX=0x00007f09383362c0, RDX=0x00007f09383362c0
RSP=0x00007f0900c62d58, RBP=0x00007f0938321150, RSI=0x0000000000000000, RDI=0x00007f0938321150
R8 =0x0000000003a99800, R9 =0x0000000000000001, R10=0x00007f0938321174, R11=0x0000000000000000
R12=0x00007f09383252e0, R13=0x0000000000012000, R14=0x0000000000001000, R15=0x00007f0900c62f08
RIP=0x0000000000000000, EFLAGS=0x0000000000010246, CSGSFS=0x0000000000000033, ERR=0x0000000000000014
  TRAPNO=0x000000000000000e

Top of Stack: (sp=0x00007f0900c62d58)
0x00007f0900c62d58:   00007f0903bbc4d1 0000000038000000
0x00007f0900c62d68:   0000000000000000 00000000bb800000
0x00007f0900c62d78:   00007f0903740cd8 00007f0900000000
0x00007f0900c62d88:   00007f09034efc32 0000000000000000
0x00007f0900c62d98:   00007f08e0007e20 00007f08cc000b80
0x00007f0900c62da8:   00007f094034a709 0000000000000000
0x00007f0900c62db8:   00007f09034e7fbb 00007f08e0000c40
0x00007f0900c62dc8:   0000000000000000 0000000000002000
0x00007f0900c62dd8:   0000000000000000 00007f093831cd70
0x00007f0900c62de8:   00007f090396ed9a 5700000000000000
0x00007f0900c62df8:   0958ab8cd16b3400 0000000000000000
0x00007f0900c62e08:   00007f090396eeb4 0000000000000000
0x00007f0900c62e18:   00007f09034efc32 0000000000002000
0x00007f0900c62e28:   00007f093831ccb0 0000000000002000
0x00007f0900c62e38:   00007f09034f8582 0000000000002000
0x00007f0900c62e48:   00007f09383252e0 00007f09383252e0
0x00007f0900c62e58:   0000000000002000 00007f093831ccb0
0x00007f0900c62e68:   00007f08d803f040 0000040000c62f00
0x00007f0900c62e78:   00007f0900c62e90 00007f0900c62eb0
0x00007f0900c62e88:   00007f0903972e79 00001fa00000037f
0x00007f0900c62e98:   00007f093831cd70 0000000000000000
0x00007f0900c62ea8:   0000000000002000 00007f093831a510
0x00007f0900c62eb8:   0000000000000000 00007f0938321150
0x00007f0900c62ec8:   0000000000000008 00007f0900c62f08
0x00007f0900c62ed8:   00007f0903bd2544 0000000000000000
0x00007f0900c62ee8:   00007f0900c62f00 0000000000002000
0x00007f0900c62ef8:   0000000000008000 00007f08d803f040
0x00007f0900c62f08:   0000000000002000 0000000000000000
0x00007f0900c62f18:   00007f093831ea70 0000000000000000
0x00007f0900c62f28:   0000000000000000 00007f0940a2336f
0x00007f0900c62f38:   00007f0900c639c0 0000000000000000
0x00007f0900c62f48:   00007f0903bc573a 0000000000000000 

Instructions: (pc=0x0000000000000000)
0xffffffffffffffe0:   

Register to memory mapping:

RAX=0x00007f0903df37c0: <offset 0x2577c0> in /tmp/libgdxoprsec/31ce78a2/libopenal64.so at 0x00007f0903b9c000
RBX=0x0000000000000400 is an unknown value
RCX=0x00007f09383362c0 is an unknown value
RDX=0x00007f09383362c0 is an unknown value
RSP=0x00007f0900c62d58 is an unknown value
RBP=0x00007f0938321150 is an unknown value
RSI=0x0000000000000000 is an unknown value
RDI=0x00007f0938321150 is an unknown value
R8 =0x0000000003a99800 is an unknown value
R9 =0x0000000000000001 is an unknown value
R10=0x00007f0938321174 is an unknown value
R11=0x0000000000000000 is an unknown value
R12=0x00007f09383252e0 is an unknown value
R13=0x0000000000012000 is an unknown value
R14=0x0000000000001000 is an unknown value
R15=0x00007f0900c62f08 is an unknown value


Stack: [0x00007f0900b63000,0x00007f0900c64000],  sp=0x00007f0900c62d58,  free space=1023k

---------------  P R O C E S S  ---------------

VM state:at safepoint (shutting down)

VM Mutex/Monitor currently owned by a thread:  ([mutex/lock_event])
[0x00007f0938006620] Threads_lock - owner thread: 0x00007f0938077800

Heap:
 PSYoungGen      total 24064K, used 17031K [0x00000000d7000000, 0x00000000d8880000, 0x0000000100000000)
  eden space 23552K, 71% used [0x00000000d7000000,0x00000000d8059c38,0x00000000d8700000)
  from space 512K, 56% used [0x00000000d8780000,0x00000000d87c8000,0x00000000d8800000)
  to   space 512K, 0% used [0x00000000d8800000,0x00000000d8800000,0x00000000d8880000)
 ParOldGen       total 84992K, used 25753K [0x0000000085000000, 0x000000008a300000, 0x00000000d7000000)
  object space 84992K, 30% used [0x0000000085000000,0x00000000869264c8,0x000000008a300000)
 Metaspace       used 11524K, capacity 11755K, committed 12032K, reserved 1060864K
  class space    used 1071K, capacity 1158K, committed 1280K, reserved 1048576K

Card table byte_map: [0x00007f093cc14000,0x00007f093cfed000] byte_map_base: 0x00007f093c7ec000

Marking Bits: (ParMarkBitMap*) 0x00007f093fbfc220
 Begin Bits: [0x00007f0925280000, 0x00007f0927140000)
 End Bits:   [0x00007f0927140000, 0x00007f0929000000)

Polling page: 0x00007f0940a4e000

CodeCache: size=245760Kb used=6592Kb max_used=7538Kb free=239167Kb
 bounds [0x00007f0929000000, 0x00007f09297e0000, 0x00007f0938000000]
 total_blobs=2087 nmethods=1487 adapters=515
 compilation: enabled

Compilation events (10 events):
Event: 351.892 Thread 0x00007f09380b2000 1852   !   3       com.ld.game.item.Inventory::addItem (133 bytes)
Event: 351.893 Thread 0x00007f09380b2000 nmethod 1852 0x00007f0929380150 code [0x00007f0929380380, 0x00007f0929381518]
Event: 351.893 Thread 0x00007f09380b2000 1853       3       com.ld.game.item.InventoryItem::addAmount (11 bytes)
Event: 351.893 Thread 0x00007f09380b2000 nmethod 1853 0x00007f0929469b10 code [0x00007f0929469c60, 0x00007f0929469db0]
Event: 430.654 Thread 0x00007f09380b0800 1854       4       java.util.concurrent.locks.AbstractQueuedSynchronizer::unparkSuccessor (84 bytes)
Event: 430.655 Thread 0x00007f09380b0800 nmethod 1854 0x00007f092947bb10 code [0x00007f092947bc80, 0x00007f092947bdc8]
Event: 445.053 Thread 0x00007f09380b0800 1855       4       java.util.concurrent.locks.AbstractQueuedSynchronizer::addWaiter (50 bytes)
Event: 445.054 Thread 0x00007f09380b0800 nmethod 1855 0x00007f092931ee10 code [0x00007f092931ef60, 0x00007f092931f0f8]
Event: 535.053 Thread 0x00007f09380ad800 1856   !   4       java.util.concurrent.locks.AbstractQueuedSynchronizer::acquireQueued (93 bytes)
Event: 535.057 Thread 0x00007f09380ad800 nmethod 1856 0x00007f09293fe190 code [0x00007f09293fe320, 0x00007f09293fe648]

GC Heap History (10 events):
Event: 859.675 GC heap before
{Heap before GC invocations=577 (full 0):
 PSYoungGen      total 24064K, used 23776K [0x00000000d7000000, 0x00000000d8880000, 0x0000000100000000)
  eden space 23552K, 100% used [0x00000000d7000000,0x00000000d8700000,0x00000000d8700000)
  from space 512K, 43% used [0x00000000d8800000,0x00000000d8838000,0x00000000d8880000)
  to   space 512K, 0% used [0x00000000d8780000,0x00000000d8780000,0x00000000d8800000)
 ParOldGen       total 84992K, used 25585K [0x0000000085000000, 0x000000008a300000, 0x00000000d7000000)
  object space 84992K, 30% used [0x0000000085000000,0x00000000868fc4c8,0x000000008a300000)
 Metaspace       used 11496K, capacity 11691K, committed 12032K, reserved 1060864K
  class space    used 1066K, capacity 1158K, committed 1280K, reserved 1048576K
Event: 859.679 GC heap after
Heap after GC invocations=577 (full 0):
 PSYoungGen      total 24064K, used 256K [0x00000000d7000000, 0x00000000d8880000, 0x0000000100000000)
  eden space 23552K, 0% used [0x00000000d7000000,0x00000000d7000000,0x00000000d8700000)
  from space 512K, 50% used [0x00000000d8780000,0x00000000d87c0000,0x00000000d8800000)
  to   space 512K, 0% used [0x00000000d8800000,0x00000000d8800000,0x00000000d8880000)
 ParOldGen       total 84992K, used 25625K [0x0000000085000000, 0x000000008a300000, 0x00000000d7000000)
  object space 84992K, 30% used [0x0000000085000000,0x00000000869064c8,0x000000008a300000)
 Metaspace       used 11496K, capacity 11691K, committed 12032K, reserved 1060864K
  class space    used 1066K, capacity 1158K, committed 1280K, reserved 1048576K
}
Event: 861.106 GC heap before
{Heap before GC invocations=578 (full 0):
 PSYoungGen      total 24064K, used 23808K [0x00000000d7000000, 0x00000000d8880000, 0x0000000100000000)
  eden space 23552K, 100% used [0x00000000d7000000,0x00000000d8700000,0x00000000d8700000)
  from space 512K, 50% used [0x00000000d8780000,0x00000000d87c0000,0x00000000d8800000)
  to   space 512K, 0% used [0x00000000d8800000,0x00000000d8800000,0x00000000d8880000)
 ParOldGen       total 84992K, used 25625K [0x0000000085000000, 0x000000008a300000, 0x00000000d7000000)
  object space 84992K, 30% used [0x0000000085000000,0x00000000869064c8,0x000000008a300000)
 Metaspace       used 11496K, capacity 11691K, committed 12032K, reserved 1060864K
  class space    used 1066K, capacity 1158K, committed 1280K, reserved 1048576K
Event: 861.108 GC heap after
Heap after GC invocations=578 (full 0):
 PSYoungGen      total 24064K, used 224K [0x00000000d7000000, 0x00000000d8880000, 0x0000000100000000)
  eden space 23552K, 0% used [0x00000000d7000000,0x00000000d7000000,0x00000000d8700000)
  from space 512K, 43% used [0x00000000d8800000,0x00000000d8838000,0x00000000d8880000)
  to   space 512K, 0% used [0x00000000d8780000,0x00000000d8780000,0x00000000d8800000)
 ParOldGen       total 84992K, used 25657K [0x0000000085000000, 0x000000008a300000, 0x00000000d7000000)
  object space 84992K, 30% used [0x0000000085000000,0x000000008690e4c8,0x000000008a300000)
 Metaspace       used 11496K, capacity 11691K, committed 12032K, reserved 1060864K
  class space    used 1066K, capacity 1158K, committed 1280K, reserved 1048576K
}
Event: 862.733 GC heap before
{Heap before GC invocations=579 (full 0):
 PSYoungGen      total 24064K, used 23776K [0x00000000d7000000, 0x00000000d8880000, 0x0000000100000000)
  eden space 23552K, 100% used [0x00000000d7000000,0x00000000d8700000,0x00000000d8700000)
  from space 512K, 43% used [0x00000000d8800000,0x00000000d8838000,0x00000000d8880000)
  to   space 512K, 0% used [0x00000000d8780000,0x00000000d8780000,0x00000000d8800000)
 ParOldGen       total 84992K, used 25657K [0x0000000085000000, 0x000000008a300000, 0x00000000d7000000)
  object space 84992K, 30% used [0x0000000085000000,0x000000008690e4c8,0x000000008a300000)
 Metaspace       used 11496K, capacity 11691K, committed 12032K, reserved 1060864K
  class space    used 1066K, capacity 1158K, committed 1280K, reserved 1048576K
Event: 862.735 GC heap after
Heap after GC invocations=579 (full 0):
 PSYoungGen      total 24064K, used 224K [0x00000000d7000000, 0x00000000d8880000, 0x0000000100000000)
  eden space 23552K, 0% used [0x00000000d7000000,0x00000000d7000000,0x00000000d8700000)
  from space 512K, 43% used [0x00000000d8780000,0x00000000d87b8000,0x00000000d8800000)
  to   space 512K, 0% used [0x00000000d8800000,0x00000000d8800000,0x00000000d8880000)
 ParOldGen       total 84992K, used 25689K [0x0000000085000000, 0x000000008a300000, 0x00000000d7000000)
  object space 84992K, 30% used [0x0000000085000000,0x00000000869164c8,0x000000008a300000)
 Metaspace       used 11496K, capacity 11691K, committed 12032K, reserved 1060864K
  class space    used 1066K, capacity 1158K, committed 1280K, reserved 1048576K
}
Event: 864.222 GC heap before
{Heap before GC invocations=580 (full 0):
 PSYoungGen      total 24064K, used 23776K [0x00000000d7000000, 0x00000000d8880000, 0x0000000100000000)
  eden space 23552K, 100% used [0x00000000d7000000,0x00000000d8700000,0x00000000d8700000)
  from space 512K, 43% used [0x00000000d8780000,0x00000000d87b8000,0x00000000d8800000)
  to   space 512K, 0% used [0x00000000d8800000,0x00000000d8800000,0x00000000d8880000)
 ParOldGen       total 84992K, used 25689K [0x0000000085000000, 0x000000008a300000, 0x00000000d7000000)
  object space 84992K, 30% used [0x0000000085000000,0x00000000869164c8,0x000000008a300000)
 Metaspace       used 11496K, capacity 11691K, committed 12032K, reserved 1060864K
  class space    used 1066K, capacity 1158K, committed 1280K, reserved 1048576K
Event: 864.223 GC heap after
Heap after GC invocations=580 (full 0):
 PSYoungGen      total 24064K, used 256K [0x00000000d7000000, 0x00000000d8880000, 0x0000000100000000)
  eden space 23552K, 0% used [0x00000000d7000000,0x00000000d7000000,0x00000000d8700000)
  from space 512K, 50% used [0x00000000d8800000,0x00000000d8840000,0x00000000d8880000)
  to   space 512K, 0% used [0x00000000d8780000,0x00000000d8780000,0x00000000d8800000)
 ParOldGen       total 84992K, used 25721K [0x0000000085000000, 0x000000008a300000, 0x00000000d7000000)
  object space 84992K, 30% used [0x0000000085000000,0x000000008691e4c8,0x000000008a300000)
 Metaspace       used 11496K, capacity 11691K, committed 12032K, reserved 1060864K
  class space    used 1066K, capacity 1158K, committed 1280K, reserved 1048576K
}
Event: 865.801 GC heap before
{Heap before GC invocations=581 (full 0):
 PSYoungGen      total 24064K, used 23808K [0x00000000d7000000, 0x00000000d8880000, 0x0000000100000000)
  eden space 23552K, 100% used [0x00000000d7000000,0x00000000d8700000,0x00000000d8700000)
  from space 512K, 50% used [0x00000000d8800000,0x00000000d8840000,0x00000000d8880000)
  to   space 512K, 0% used [0x00000000d8780000,0x00000000d8780000,0x00000000d8800000)
 ParOldGen       total 84992K, used 25721K [0x0000000085000000, 0x000000008a300000, 0x00000000d7000000)
  object space 84992K, 30% used [0x0000000085000000,0x000000008691e4c8,0x000000008a300000)
 Metaspace       used 11496K, capacity 11691K, committed 12032K, reserved 1060864K
  class space    used 1066K, capacity 1158K, committed 1280K, reserved 1048576K
Event: 865.802 GC heap after
Heap after GC invocations=581 (full 0):
 PSYoungGen      total 24064K, used 288K [0x00000000d7000000, 0x00000000d8880000, 0x0000000100000000)
  eden space 23552K, 0% used [0x00000000d7000000,0x00000000d7000000,0x00000000d8700000)
  from space 512K, 56% used [0x00000000d8780000,0x00000000d87c8000,0x00000000d8800000)
  to   space 512K, 0% used [0x00000000d8800000,0x00000000d8800000,0x00000000d8880000)
 ParOldGen       total 84992K, used 25753K [0x0000000085000000, 0x000000008a300000, 0x00000000d7000000)
  object space 84992K, 30% used [0x0000000085000000,0x00000000869264c8,0x000000008a300000)
 Metaspace       used 11496K, capacity 11691K, committed 12032K, reserved 1060864K
  class space    used 1066K, capacity 1158K, committed 1280K, reserved 1048576K
}

Deoptimization events (10 events):
Event: 88.471 Thread 0x00007f09383b1800 Uncommon trap: reason=class_check action=maybe_recompile pc=0x00007f09296fcd20 method=com.ld.game.entity.building.EntityBuilding.render(Lcom/badlogic/gdx/graphics/g2d/SpriteBatch;)V @ 184
Event: 88.505 Thread 0x00007f09383b1800 Uncommon trap: reason=class_check action=maybe_recompile pc=0x00007f09296fba18 method=com.ld.game.entity.building.EntityBuilding.render(Lcom/badlogic/gdx/graphics/g2d/SpriteBatch;)V @ 364
Event: 88.520 Thread 0x00007f09383b1800 Uncommon trap: reason=class_check action=maybe_recompile pc=0x00007f09296fba18 method=com.ld.game.entity.building.EntityBuilding.render(Lcom/badlogic/gdx/graphics/g2d/SpriteBatch;)V @ 364
Event: 88.539 Thread 0x00007f09383b1800 Uncommon trap: reason=class_check action=maybe_recompile pc=0x00007f09296fba18 method=com.ld.game.entity.building.EntityBuilding.render(Lcom/badlogic/gdx/graphics/g2d/SpriteBatch;)V @ 364
Event: 91.591 Thread 0x00007f09383b1800 Uncommon trap: reason=unstable_if action=reinterpret pc=0x00007f092952e7f4 method=com.ld.game.entity.impl.EntityPlayer.render(Lcom/badlogic/gdx/graphics/g2d/SpriteBatch;)V @ 350
Event: 91.664 Thread 0x00007f09383b1800 Uncommon trap: reason=unstable_if action=reinterpret pc=0x00007f0929507f18 method=com.ld.game.entity.impl.EntityPlayer.render(Lcom/badlogic/gdx/graphics/g2d/SpriteBatch;)V @ 350
Event: 128.963 Thread 0x00007f0938308800 Uncommon trap: reason=unstable_if action=reinterpret pc=0x00007f0929506ba4 method=java.util.concurrent.locks.ReentrantLock$Sync.nonfairTryAcquire(I)Z @ 19
Event: 866.798 Thread 0x00007f08c8001800 Uncommon trap: reason=unstable_if action=reinterpret pc=0x00007f09296afaf4 method=java.io.BufferedInputStream.read1([BII)I @ 22
Event: 866.798 Thread 0x00007f08a4001800 Uncommon trap: reason=class_check action=maybe_recompile pc=0x00007f092968a20c method=java.util.concurrent.locks.AbstractQueuedSynchronizer.release(I)Z @ 2
Event: 866.869 Thread 0x00007f08a4001800 Uncommon trap: reason=class_check action=maybe_recompile pc=0x00007f092968a20c method=java.util.concurrent.locks.AbstractQueuedSynchronizer.release(I)Z @ 2

Internal exceptions (10 events):
Event: 866.679 Thread 0x00007f09383b1800 Exception <a 'java/io/IOException'> (0x00000000d7da7950) thrown at [/build/openjdk-8-8jAw7G/openjdk-8-8u111-b14/src/hotspot/src/share/vm/prims/jni.cpp, line 709]
Event: 866.679 Thread 0x00007f09383b1800 Exception <a 'java/io/IOException'> (0x00000000d7da7bb8) thrown at [/build/openjdk-8-8jAw7G/openjdk-8-8u111-b14/src/hotspot/src/share/vm/prims/jni.cpp, line 709]
Event: 866.688 Thread 0x00007f09383b1800 Exception <a 'java/io/IOException'> (0x00000000d7ea2b20) thrown at [/build/openjdk-8-8jAw7G/openjdk-8-8u111-b14/src/hotspot/src/share/vm/prims/jni.cpp, line 709]
Event: 866.688 Thread 0x00007f09383b1800 Exception <a 'java/io/IOException'> (0x00000000d7ea2d88) thrown at [/build/openjdk-8-8jAw7G/openjdk-8-8u111-b14/src/hotspot/src/share/vm/prims/jni.cpp, line 709]
Event: 866.706 Thread 0x00007f09383b1800 Exception <a 'java/io/IOException'> (0x00000000d7eecc80) thrown at [/build/openjdk-8-8jAw7G/openjdk-8-8u111-b14/src/hotspot/src/share/vm/prims/jni.cpp, line 709]
Event: 866.706 Thread 0x00007f09383b1800 Exception <a 'java/io/IOException'> (0x00000000d7eecee8) thrown at [/build/openjdk-8-8jAw7G/openjdk-8-8u111-b14/src/hotspot/src/share/vm/prims/jni.cpp, line 709]
Event: 866.922 Thread 0x00007f09383b1800 Exception <a 'java/io/IOException'> (0x00000000d7f6d8e8) thrown at [/build/openjdk-8-8jAw7G/openjdk-8-8u111-b14/src/hotspot/src/share/vm/prims/jni.cpp, line 709]
Event: 866.922 Thread 0x00007f09383b1800 Exception <a 'java/io/IOException'> (0x00000000d7f6db50) thrown at [/build/openjdk-8-8jAw7G/openjdk-8-8u111-b14/src/hotspot/src/share/vm/prims/jni.cpp, line 709]
Event: 866.936 Thread 0x00007f09383b1800 Exception <a 'java/io/IOException'> (0x00000000d7ff7cc0) thrown at [/build/openjdk-8-8jAw7G/openjdk-8-8u111-b14/src/hotspot/src/share/vm/prims/jni.cpp, line 709]
Event: 866.936 Thread 0x00007f09383b1800 Exception <a 'java/io/IOException'> (0x00000000d7ff7f28) thrown at [/build/openjdk-8-8jAw7G/openjdk-8-8u111-b14/src/hotspot/src/share/vm/prims/jni.cpp, line 709]

Events (10 events):
Event: 866.869 Executing VM operation: RevokeBias
Event: 866.869 Executing VM operation: RevokeBias done
Event: 866.869 Executing VM operation: RevokeBias
Event: 866.869 Executing VM operation: RevokeBias done
Event: 866.869 Thread 0x00007f08a4001800 Uncommon trap: trap_request=0xffffffde fr.pc=0x00007f092968a20c
Event: 866.869 Thread 0x00007f08a4001800 DEOPT PACKING pc=0x00007f092968a20c sp=0x00007f0900a60870
Event: 866.869 Thread 0x00007f08a4001800 DEOPT UNPACKING pc=0x00007f0929004f69 sp=0x00007f0900a60838 mode 2
Event: 866.909 Thread 0x00007f08c8001800 Thread exited: 0x00007f08c8001800
Event: 866.932 Thread 0x00007f08c8003000 Thread exited: 0x00007f08c8003000
Event: 866.946 Executing VM operation: Exit


Dynamic libraries:
00400000-00401000 r-xp 00000000 08:04 1997837                            /usr/lib/jvm/java-8-openjdk-amd64/jre/bin/java
00600000-00601000 r--p 00000000 08:04 1997837                            /usr/lib/jvm/java-8-openjdk-amd64/jre/bin/java
00601000-00602000 rw-p 00001000 08:04 1997837                            /usr/lib/jvm/java-8-openjdk-amd64/jre/bin/java
01e8c000-01ead000 rw-p 00000000 00:00 0                                  [heap]
85000000-8a300000 rw-p 00000000 00:00 0 
8a300000-d7000000 ---p 00000000 00:00 0 
d7000000-d8880000 rw-p 00000000 00:00 0 
d8880000-100000000 ---p 00000000 00:00 0 
100000000-100140000 rw-p 00000000 00:00 0 
100140000-140000000 ---p 00000000 00:00 0 
7f089c000000-7f089c021000 rw-p 00000000 00:00 0 
7f089c021000-7f08a0000000 ---p 00000000 00:00 0 
7f08a4000000-7f08a4021000 rw-p 00000000 00:00 0 
7f08a4021000-7f08a8000000 ---p 00000000 00:00 0 
7f08a8000000-7f08a8021000 rw-p 00000000 00:00 0 
7f08a8021000-7f08ac000000 ---p 00000000 00:00 0 
7f08ac000000-7f08ac22b000 rw-p 00000000 00:00 0 
7f08ac22b000-7f08b0000000 ---p 00000000 00:00 0 
7f08b3966000-7f08b4000000 rw-p 00000000 00:00 0 
7f08b4000000-7f08bc000000 rw-p 00000000 00:00 0 
7f08bc000000-7f08c0000000 rw-p 00000000 00:00 0 
7f08c065d000-7f08c0a5e000 rw-p 00000000 00:00 0 
7f08c0aaa000-7f08c0aad000 ---p 00000000 00:00 0 
7f08c0aad000-7f08c0bab000 rw-p 00000000 00:00 0 
7f08c0bab000-7f08c0bae000 ---p 00000000 00:00 0 
7f08c0bae000-7f08c0cac000 rw-p 00000000 00:00 0 
7f08c0cac000-7f08c0caf000 ---p 00000000 00:00 0 
7f08c0caf000-7f08c0dad000 rw-p 00000000 00:00 0 
7f08c0dad000-7f08c0fad000 rw-s 2c4318000 00:06 381                       /dev/dri/card1
7f08c0fad000-7f08c11ad000 rw-s 2c208e000 00:06 381                       /dev/dri/card1
7f08c11ad000-7f08c13ad000 rw-s 28b6b9000 00:06 381                       /dev/dri/card1
7f08c13ad000-7f08c142d000 rw-s 2c16a8000 00:06 381                       /dev/dri/card1
7f08c142d000-7f08c14ad000 rw-p 00000000 00:00 0 
7f08c14ad000-7f08c162d000 ---p 00000000 00:00 0 
7f08c162d000-7f08c3b1f000 r-xp 00000000 08:04 1975588                    /usr/lib/x86_64-linux-gnu/libLLVM-3.8.so.1
7f08c3b1f000-7f08c3d1f000 ---p 024f2000 08:04 1975588                    /usr/lib/x86_64-linux-gnu/libLLVM-3.8.so.1
7f08c3d1f000-7f08c3fd4000 r--p 024f2000 08:04 1975588                    /usr/lib/x86_64-linux-gnu/libLLVM-3.8.so.1
7f08c3fd4000-7f08c3fd6000 rw-p 027a7000 08:04 1975588                    /usr/lib/x86_64-linux-gnu/libLLVM-3.8.so.1
7f08c3fd6000-7f08c4000000 rw-p 00000000 00:00 0 
7f08c4000000-7f08c8000000 rw-p 00000000 00:00 0 
7f08c8000000-7f08c8021000 rw-p 00000000 00:00 0 
7f08c8021000-7f08cc000000 ---p 00000000 00:00 0 
7f08cc000000-7f08cc021000 rw-p 00000000 00:00 0 
7f08cc021000-7f08d0000000 ---p 00000000 00:00 0 
7f08d0077000-7f08d00f7000 rw-s 2c1628000 00:06 381                       /dev/dri/card1
7f08d00f7000-7f08d02f7000 rw-s 28aec0000 00:06 381                       /dev/dri/card1
7f08d02f7000-7f08d0cf7000 rwxp 00000000 00:00 0 
7f08d0cf7000-7f08d0ef7000 rw-p 00000000 00:00 0 
7f08d0ef7000-7f08d0f6b000 rw-p 00000000 00:00 0 
7f08d0f6b000-7f08d0fa2000 r-xp 00000000 08:04 1976627                    /usr/lib/x86_64-linux-gnu/libtxc_dxtn_s2tc.so.0.0.0
7f08d0fa2000-7f08d11a1000 ---p 00037000 08:04 1976627                    /usr/lib/x86_64-linux-gnu/libtxc_dxtn_s2tc.so.0.0.0
7f08d11a1000-7f08d11a2000 r--p 00036000 08:04 1976627                    /usr/lib/x86_64-linux-gnu/libtxc_dxtn_s2tc.so.0.0.0
7f08d11a2000-7f08d11a3000 rw-p 00037000 08:04 1976627                    /usr/lib/x86_64-linux-gnu/libtxc_dxtn_s2tc.so.0.0.0
7f08d11a3000-7f08d11b6000 r-xp 00000000 08:04 791336                     /lib/x86_64-linux-gnu/libbsd.so.0.8.2
7f08d11b6000-7f08d13b5000 ---p 00013000 08:04 791336                     /lib/x86_64-linux-gnu/libbsd.so.0.8.2
7f08d13b5000-7f08d13b6000 r--p 00012000 08:04 791336                     /lib/x86_64-linux-gnu/libbsd.so.0.8.2
7f08d13b6000-7f08d13b7000 rw-p 00013000 08:04 791336                     /lib/x86_64-linux-gnu/libbsd.so.0.8.2
7f08d13b7000-7f08d13b8000 rw-p 00000000 00:00 0 
7f08d13b8000-7f08d13dd000 r-xp 00000000 08:04 791512                     /lib/x86_64-linux-gnu/libtinfo.so.5.9
7f08d13dd000-7f08d15dc000 ---p 00025000 08:04 791512                     /lib/x86_64-linux-gnu/libtinfo.so.5.9
7f08d15dc000-7f08d15e0000 r--p 00024000 08:04 791512                     /lib/x86_64-linux-gnu/libtinfo.so.5.9
7f08d15e0000-7f08d15e1000 rw-p 00028000 08:04 791512                     /lib/x86_64-linux-gnu/libtinfo.so.5.9
7f08d15e1000-7f08d1612000 r-xp 00000000 08:04 1975776                    /usr/lib/x86_64-linux-gnu/libedit.so.2.0.53
7f08d1612000-7f08d1812000 ---p 00031000 08:04 1975776                    /usr/lib/x86_64-linux-gnu/libedit.so.2.0.53
7f08d1812000-7f08d1814000 r--p 00031000 08:04 1975776                    /usr/lib/x86_64-linux-gnu/libedit.so.2.0.53
7f08d1814000-7f08d1815000 rw-p 00033000 08:04 1975776                    /usr/lib/x86_64-linux-gnu/libedit.so.2.0.53
7f08d1815000-7f08d1819000 rw-p 00000000 00:00 0 
7f08d1819000-7f08d1820000 r-xp 00000000 08:04 1975824                    /usr/lib/x86_64-linux-gnu/libffi.so.6.0.4
7f08d1820000-7f08d1a1f000 ---p 00007000 08:04 1975824                    /usr/lib/x86_64-linux-gnu/libffi.so.6.0.4
7f08d1a1f000-7f08d1a20000 r--p 00006000 08:04 1975824                    /usr/lib/x86_64-linux-gnu/libffi.so.6.0.4
7f08d1a20000-7f08d1a21000 rw-p 00007000 08:04 1975824                    /usr/lib/x86_64-linux-gnu/libffi.so.6.0.4
7f08d1a21000-7f08d1a38000 r-xp 00000000 08:04 1975781                    /usr/lib/x86_64-linux-gnu/libelf-0.165.so
7f08d1a38000-7f08d1c37000 ---p 00017000 08:04 1975781                    /usr/lib/x86_64-linux-gnu/libelf-0.165.so
7f08d1c37000-7f08d1c38000 r--p 00016000 08:04 1975781                    /usr/lib/x86_64-linux-gnu/libelf-0.165.so
7f08d1c38000-7f08d1c39000 rw-p 00017000 08:04 1975781                    /usr/lib/x86_64-linux-gnu/libelf-0.165.so
7f08d1c39000-7f08d1c40000 r-xp 00000000 08:04 1971603                    /usr/lib/x86_64-linux-gnu/libdrm_amdgpu.so.1.0.0
7f08d1c40000-7f08d1e3f000 ---p 00007000 08:04 1971603                    /usr/lib/x86_64-linux-gnu/libdrm_amdgpu.so.1.0.0
7f08d1e3f000-7f08d1e40000 r--p 00006000 08:04 1971603                    /usr/lib/x86_64-linux-gnu/libdrm_amdgpu.so.1.0.0
7f08d1e40000-7f08d1e41000 rw-p 00007000 08:04 1971603                    /usr/lib/x86_64-linux-gnu/libdrm_amdgpu.so.1.0.0
7f08d1e41000-7f08d1e4c000 r-xp 00000000 08:04 1967450                    /usr/lib/x86_64-linux-gnu/libdrm_radeon.so.1.0.1
7f08d1e4c000-7f08d204b000 ---p 0000b000 08:04 1967450                    /usr/lib/x86_64-linux-gnu/libdrm_radeon.so.1.0.1
7f08d204b000-7f08d204c000 r--p 0000a000 08:04 1967450                    /usr/lib/x86_64-linux-gnu/libdrm_radeon.so.1.0.1
7f08d204c000-7f08d204d000 rw-p 0000b000 08:04 1967450                    /usr/lib/x86_64-linux-gnu/libdrm_radeon.so.1.0.1
7f08d204d000-7f08d2054000 r-xp 00000000 08:04 1971596                    /usr/lib/x86_64-linux-gnu/libdrm_nouveau.so.2.0.0
7f08d2054000-7f08d2253000 ---p 00007000 08:04 1971596                    /usr/lib/x86_64-linux-gnu/libdrm_nouveau.so.2.0.0
7f08d2253000-7f08d2254000 r--p 00006000 08:04 1971596                    /usr/lib/x86_64-linux-gnu/libdrm_nouveau.so.2.0.0
7f08d2254000-7f08d2255000 rw-p 00007000 08:04 1971596                    /usr/lib/x86_64-linux-gnu/libdrm_nouveau.so.2.0.0
7f08d2255000-7f08d2b1c000 r-xp 00000000 08:04 2232871                    /usr/lib/x86_64-linux-gnu/dri/nouveau_dri.so
7f08d2b1c000-7f08d2d1b000 ---p 008c7000 08:04 2232871                    /usr/lib/x86_64-linux-gnu/dri/nouveau_dri.so
7f08d2d1b000-7f08d2d8f000 r--p 008c6000 08:04 2232871                    /usr/lib/x86_64-linux-gnu/dri/nouveau_dri.so
7f08d2d8f000-7f08d2d9e000 rw-p 0093a000 08:04 2232871                    /usr/lib/x86_64-linux-gnu/dri/nouveau_dri.so
7f08d2d9e000-7f08d2f94000 rw-p 00000000 00:00 0 
7f08d2f94000-7f08d2fa2000 r-xp 00000000 08:04 1966895                    /usr/lib/x86_64-linux-gnu/libdrm.so.2.4.0
7f08d2fa2000-7f08d31a1000 ---p 0000e000 08:04 1966895                    /usr/lib/x86_64-linux-gnu/libdrm.so.2.4.0
7f08d31a1000-7f08d31a2000 r--p 0000d000 08:04 1966895                    /usr/lib/x86_64-linux-gnu/libdrm.so.2.4.0
7f08d31a2000-7f08d31a3000 rw-p 0000e000 08:04 1966895                    /usr/lib/x86_64-linux-gnu/libdrm.so.2.4.0
7f08d31a3000-7f08d31a7000 r-xp 00000000 08:04 1976788                    /usr/lib/x86_64-linux-gnu/libxcb-dri2.so.0.0.0
7f08d31a7000-7f08d33a6000 ---p 00004000 08:04 1976788                    /usr/lib/x86_64-linux-gnu/libxcb-dri2.so.0.0.0
7f08d33a6000-7f08d33a7000 r--p 00003000 08:04 1976788                    /usr/lib/x86_64-linux-gnu/libxcb-dri2.so.0.0.0
7f08d33a7000-7f08d33a8000 rw-p 00004000 08:04 1976788                    /usr/lib/x86_64-linux-gnu/libxcb-dri2.so.0.0.0
7f08d33a8000-7f08d33bf000 r-xp 00000000 08:04 1976792                    /usr/lib/x86_64-linux-gnu/libxcb-glx.so.0.0.0
7f08d33bf000-7f08d35be000 ---p 00017000 08:04 1976792                    /usr/lib/x86_64-linux-gnu/libxcb-glx.so.0.0.0
7f08d35be000-7f08d35c0000 r--p 00016000 08:04 1976792                    /usr/lib/x86_64-linux-gnu/libxcb-glx.so.0.0.0
7f08d35c0000-7f08d35c1000 rw-p 00018000 08:04 1976792                    /usr/lib/x86_64-linux-gnu/libxcb-glx.so.0.0.0
7f08d35c1000-7f08d35c2000 r-xp 00000000 08:04 1975436                    /usr/lib/x86_64-linux-gnu/libX11-xcb.so.1.0.0
7f08d35c2000-7f08d37c1000 ---p 00001000 08:04 1975436                    /usr/lib/x86_64-linux-gnu/libX11-xcb.so.1.0.0
7f08d37c1000-7f08d37c2000 r--p 00000000 08:04 1975436                    /usr/lib/x86_64-linux-gnu/libX11-xcb.so.1.0.0
7f08d37c2000-7f08d37c3000 rw-p 00001000 08:04 1975436                    /usr/lib/x86_64-linux-gnu/libX11-xcb.so.1.0.0
7f08d37c3000-7f08d37c5000 r-xp 00000000 08:04 1975451                    /usr/lib/x86_64-linux-gnu/libXdamage.so.1.1.0
7f08d37c5000-7f08d39c4000 ---p 00002000 08:04 1975451                    /usr/lib/x86_64-linux-gnu/libXdamage.so.1.1.0
7f08d39c4000-7f08d39c5000 r--p 00001000 08:04 1975451                    /usr/lib/x86_64-linux-gnu/libXdamage.so.1.1.0
7f08d39c5000-7f08d39c6000 rw-p 00002000 08:04 1975451                    /usr/lib/x86_64-linux-gnu/libXdamage.so.1.1.0
7f08d39c6000-7f08d39ef000 r-xp 00000000 08:04 1992219                    /usr/lib/x86_64-linux-gnu/libglapi.so.0.0.0
7f08d39ef000-7f08d3bee000 ---p 00029000 08:04 1992219                    /usr/lib/x86_64-linux-gnu/libglapi.so.0.0.0
7f08d3bee000-7f08d3bf2000 r--p 00028000 08:04 1992219                    /usr/lib/x86_64-linux-gnu/libglapi.so.0.0.0
7f08d3bf2000-7f08d3bf3000 rw-p 0002c000 08:04 1992219                    /usr/lib/x86_64-linux-gnu/libglapi.so.0.0.0
7f08d3bf3000-7f08d3bf4000 rw-p 00000000 00:00 0 
7f08d3bf4000-7f08d3bf5000 r-xp 00000000 08:04 1976832                    /usr/lib/x86_64-linux-gnu/libxshmfence.so.1.0.0
7f08d3bf5000-7f08d3df5000 ---p 00001000 08:04 1976832                    /usr/lib/x86_64-linux-gnu/libxshmfence.so.1.0.0
7f08d3df5000-7f08d3df6000 r--p 00001000 08:04 1976832                    /usr/lib/x86_64-linux-gnu/libxshmfence.so.1.0.0
7f08d3df6000-7f08d3df7000 rw-p 00002000 08:04 1976832                    /usr/lib/x86_64-linux-gnu/libxshmfence.so.1.0.0
7f08d3df7000-7f08d3dfc000 r-xp 00000000 08:04 1976812                    /usr/lib/x86_64-linux-gnu/libxcb-sync.so.1.0.0
7f08d3dfc000-7f08d3ffc000 ---p 00005000 08:04 1976812                    /usr/lib/x86_64-linux-gnu/libxcb-sync.so.1.0.0
7f08d3ffc000-7f08d3ffd000 r--p 00005000 08:04 1976812                    /usr/lib/x86_64-linux-gnu/libxcb-sync.so.1.0.0
7f08d3ffd000-7f08d3ffe000 rw-p 00006000 08:04 1976812                    /usr/lib/x86_64-linux-gnu/libxcb-sync.so.1.0.0
7f08d3ffe000-7f08d7fff000 rw-s 00000000 00:14 10                         /dev/shm/pulse-shm-559295713
7f08d7fff000-7f08dc000000 rw-s 00000000 00:14 18                         /dev/shm/pulse-shm-3009146544
7f08dc000000-7f08dc021000 rw-p 00000000 00:00 0 
7f08dc021000-7f08e0000000 ---p 00000000 00:00 0 
7f08e0000000-7f08e0021000 rw-p 00000000 00:00 0 
7f08e0021000-7f08e4000000 ---p 00000000 00:00 0 
7f08e4000000-7f08e4021000 rw-p 00000000 00:00 0 
7f08e4021000-7f08e8000000 ---p 00000000 00:00 0 
7f08e8000000-7f08e8021000 rw-p 00000000 00:00 0 
7f08e8021000-7f08ec000000 ---p 00000000 00:00 0 
7f08ec000000-7f08ec7c6000 rw-p 00000000 00:00 0 
7f08ec7c6000-7f08f0000000 ---p 00000000 00:00 0 
7f08f0000000-7f08f0021000 rw-p 00000000 00:00 0 
7f08f0021000-7f08f4000000 ---p 00000000 00:00 0 
7f08f4000000-7f08f6213000 rw-p 00000000 00:00 0 
7f08f6213000-7f08f8000000 ---p 00000000 00:00 0 
7f08f8000000-7f08fa47d000 rw-p 00000000 00:00 0 
7f08fa47d000-7f08fc000000 ---p 00000000 00:00 0 
7f08fc000000-7f08fc021000 rw-p 00000000 00:00 0 
7f08fc021000-7f0900000000 ---p 00000000 00:00 0 
7f0900069000-7f09000e9000 rw-s 2c15a8000 00:06 381                       /dev/dri/card1
7f09000e9000-7f0900169000 rw-s 2c1528000 00:06 381                       /dev/dri/card1
7f0900169000-7f0900187000 r-xp 00000000 08:04 786722                     /lib/x86_64-linux-gnu/libudev.so.1.6.4
7f0900187000-7f0900188000 r--p 0001d000 08:04 786722                     /lib/x86_64-linux-gnu/libudev.so.1.6.4
7f0900188000-7f0900189000 rw-p 0001e000 08:04 786722                     /lib/x86_64-linux-gnu/libudev.so.1.6.4
7f0900189000-7f090018b000 r-xp 00000000 08:04 1976800                    /usr/lib/x86_64-linux-gnu/libxcb-present.so.0.0.0
7f090018b000-7f090038a000 ---p 00002000 08:04 1976800                    /usr/lib/x86_64-linux-gnu/libxcb-present.so.0.0.0
7f090038a000-7f090038b000 r--p 00001000 08:04 1976800                    /usr/lib/x86_64-linux-gnu/libxcb-present.so.0.0.0
7f090038b000-7f090038c000 rw-p 00002000 08:04 1976800                    /usr/lib/x86_64-linux-gnu/libxcb-present.so.0.0.0
7f090038c000-7f090038e000 r-xp 00000000 08:04 1976790                    /usr/lib/x86_64-linux-gnu/libxcb-dri3.so.0.0.0
7f090038e000-7f090058d000 ---p 00002000 08:04 1976790                    /usr/lib/x86_64-linux-gnu/libxcb-dri3.so.0.0.0
7f090058d000-7f090058e000 r--p 00001000 08:04 1976790                    /usr/lib/x86_64-linux-gnu/libxcb-dri3.so.0.0.0
7f090058e000-7f090058f000 rw-p 00002000 08:04 1976790                    /usr/lib/x86_64-linux-gnu/libxcb-dri3.so.0.0.0
7f090058f000-7f09005b5000 r-xp 00000000 08:04 795679                     /lib/x86_64-linux-gnu/libexpat.so.1.6.0
7f09005b5000-7f09007b5000 ---p 00026000 08:04 795679                     /lib/x86_64-linux-gnu/libexpat.so.1.6.0
7f09007b5000-7f09007b7000 r--p 00026000 08:04 795679                     /lib/x86_64-linux-gnu/libexpat.so.1.6.0
7f09007b7000-7f09007b8000 rw-p 00028000 08:04 795679                     /lib/x86_64-linux-gnu/libexpat.so.1.6.0
7f09007b8000-7f0900825000 r-xp 00000000 08:04 2234326                    /usr/lib/x86_64-linux-gnu/mesa/libGL.so.1.2.0
7f0900825000-7f0900a24000 ---p 0006d000 08:04 2234326                    /usr/lib/x86_64-linux-gnu/mesa/libGL.so.1.2.0
7f0900a24000-7f0900a27000 r--p 0006c000 08:04 2234326                    /usr/lib/x86_64-linux-gnu/mesa/libGL.so.1.2.0
7f0900a27000-7f0900a28000 rw-p 0006f000 08:04 2234326                    /usr/lib/x86_64-linux-gnu/mesa/libGL.so.1.2.0
7f0900a28000-7f0900a29000 rw-p 00000000 00:00 0 
7f0900a29000-7f0900a2c000 ---p 00000000 00:00 0 
7f0900a2c000-7f0900a62000 rw-p 00000000 00:00 0 
7f0900a62000-7f0900a65000 ---p 00000000 00:00 0 
7f0900a65000-7f0900b63000 rw-p 00000000 00:00 0 
7f0900b63000-7f0900b64000 ---p 00000000 00:00 0 
7f0900b64000-7f0900c64000 rw-p 00000000 00:00 0 
7f0900c64000-7f0900c65000 ---p 00000000 00:00 0 
7f0900c65000-7f0901465000 rw-p 00000000 00:00 0 
7f0901465000-7f090148f000 r-xp 00000000 08:04 1976697                    /usr/lib/x86_64-linux-gnu/libvorbis.so.0.4.8
7f090148f000-7f090168f000 ---p 0002a000 08:04 1976697                    /usr/lib/x86_64-linux-gnu/libvorbis.so.0.4.8
7f090168f000-7f0901690000 r--p 0002a000 08:04 1976697                    /usr/lib/x86_64-linux-gnu/libvorbis.so.0.4.8
7f0901690000-7f0901691000 rw-p 0002b000 08:04 1976697                    /usr/lib/x86_64-linux-gnu/libvorbis.so.0.4.8
7f0901691000-7f0901698000 r-xp 00000000 08:04 1976348                    /usr/lib/x86_64-linux-gnu/libogg.so.0.8.2
7f0901698000-7f0901898000 ---p 00007000 08:04 1976348                    /usr/lib/x86_64-linux-gnu/libogg.so.0.8.2
7f0901898000-7f0901899000 r--p 00007000 08:04 1976348                    /usr/lib/x86_64-linux-gnu/libogg.so.0.8.2
7f0901899000-7f090189a000 rw-p 00008000 08:04 1976348                    /usr/lib/x86_64-linux-gnu/libogg.so.0.8.2
7f090189a000-7f09018ac000 r-xp 00000000 08:04 791384                     /lib/x86_64-linux-gnu/libgpg-error.so.0.17.0
7f09018ac000-7f0901aac000 ---p 00012000 08:04 791384                     /lib/x86_64-linux-gnu/libgpg-error.so.0.17.0
7f0901aac000-7f0901aad000 r--p 00012000 08:04 791384                     /lib/x86_64-linux-gnu/libgpg-error.so.0.17.0
7f0901aad000-7f0901aae000 rw-p 00013000 08:04 791384                     /lib/x86_64-linux-gnu/libgpg-error.so.0.17.0
7f0901aae000-7f0901b1c000 r-xp 00000000 08:04 791469                     /lib/x86_64-linux-gnu/libpcre.so.3.13.2
7f0901b1c000-7f0901d1c000 ---p 0006e000 08:04 791469                     /lib/x86_64-linux-gnu/libpcre.so.3.13.2
7f0901d1c000-7f0901d1d000 r--p 0006e000 08:04 791469                     /lib/x86_64-linux-gnu/libpcre.so.3.13.2
7f0901d1d000-7f0901d1e000 rw-p 0006f000 08:04 791469                     /lib/x86_64-linux-gnu/libpcre.so.3.13.2
7f0901d1e000-7f0901d35000 r-xp 00000000 08:04 786699                     /lib/x86_64-linux-gnu/libresolv-2.23.so
7f0901d35000-7f0901f35000 ---p 00017000 08:04 786699                     /lib/x86_64-linux-gnu/libresolv-2.23.so
7f0901f35000-7f0901f36000 r--p 00017000 08:04 786699                     /lib/x86_64-linux-gnu/libresolv-2.23.so
7f0901f36000-7f0901f37000 rw-p 00018000 08:04 786699                     /lib/x86_64-linux-gnu/libresolv-2.23.so
7f0901f37000-7f0901f39000 rw-p 00000000 00:00 0 
7f0901f39000-7f0901fc6000 r-xp 00000000 08:04 1976699                    /usr/lib/x86_64-linux-gnu/libvorbisenc.so.2.0.11
7f0901fc6000-7f09021c5000 ---p 0008d000 08:04 1976699                    /usr/lib/x86_64-linux-gnu/libvorbisenc.so.2.0.11
7f09021c5000-7f09021e1000 r--p 0008c000 08:04 1976699                    /usr/lib/x86_64-linux-gnu/libvorbisenc.so.2.0.11
7f09021e1000-7f09021e2000 rw-p 000a8000 08:04 1976699                    /usr/lib/x86_64-linux-gnu/libvorbisenc.so.2.0.11
7f09021e2000-7f0902255000 r-xp 00000000 08:04 1975294                    /usr/lib/x86_64-linux-gnu/libFLAC.so.8.3.0
7f0902255000-7f0902455000 ---p 00073000 08:04 1975294                    /usr/lib/x86_64-linux-gnu/libFLAC.so.8.3.0
7f0902455000-7f0902456000 r--p 00073000 08:04 1975294                    /usr/lib/x86_64-linux-gnu/libFLAC.so.8.3.0
7f0902456000-7f0902457000 rw-p 00074000 08:04 1975294                    /usr/lib/x86_64-linux-gnu/libFLAC.so.8.3.0
7f0902457000-7f090252f000 r-xp 00000000 08:04 804981                     /lib/x86_64-linux-gnu/libgcrypt.so.20.0.5
7f090252f000-7f090272e000 ---p 000d8000 08:04 804981                     /lib/x86_64-linux-gnu/libgcrypt.so.20.0.5
7f090272e000-7f090272f000 r--p 000d7000 08:04 804981                     /lib/x86_64-linux-gnu/libgcrypt.so.20.0.5
7f090272f000-7f0902737000 rw-p 000d8000 08:04 804981                     /lib/x86_64-linux-gnu/libgcrypt.so.20.0.5
7f0902737000-7f0902738000 rw-p 00000000 00:00 0 
7f0902738000-7f0902759000 r-xp 00000000 08:04 791407                     /lib/x86_64-linux-gnu/liblzma.so.5.0.0
7f0902759000-7f0902958000 ---p 00021000 08:04 791407                     /lib/x86_64-linux-gnu/liblzma.so.5.0.0
7f0902958000-7f0902959000 r--p 00020000 08:04 791407                     /lib/x86_64-linux-gnu/liblzma.so.5.0.0
7f0902959000-7f090295a000 rw-p 00021000 08:04 791407                     /lib/x86_64-linux-gnu/liblzma.so.5.0.0
7f090295a000-7f0902979000 r-xp 00000000 08:04 791498                     /lib/x86_64-linux-gnu/libselinux.so.1
7f0902979000-7f0902b78000 ---p 0001f000 08:04 791498                     /lib/x86_64-linux-gnu/libselinux.so.1
7f0902b78000-7f0902b79000 r--p 0001e000 08:04 791498                     /lib/x86_64-linux-gnu/libselinux.so.1
7f0902b79000-7f0902b7a000 rw-p 0001f000 08:04 791498                     /lib/x86_64-linux-gnu/libselinux.so.1
7f0902b7a000-7f0902b7c000 rw-p 00000000 00:00 0 
7f0902b7c000-7f0902b81000 r-xp 00000000 08:04 1975544                    /usr/lib/x86_64-linux-gnu/libasyncns.so.0.3.1
7f0902b81000-7f0902d80000 ---p 00005000 08:04 1975544                    /usr/lib/x86_64-linux-gnu/libasyncns.so.0.3.1
7f0902d80000-7f0902d81000 r--p 00004000 08:04 1975544                    /usr/lib/x86_64-linux-gnu/libasyncns.so.0.3.1
7f0902d81000-7f0902d82000 rw-p 00005000 08:04 1975544                    /usr/lib/x86_64-linux-gnu/libasyncns.so.0.3.1
7f0902d82000-7f0902de4000 r-xp 00000000 08:04 1976551                    /usr/lib/x86_64-linux-gnu/libsndfile.so.1.0.25
7f0902de4000-7f0902fe4000 ---p 00062000 08:04 1976551                    /usr/lib/x86_64-linux-gnu/libsndfile.so.1.0.25
7f0902fe4000-7f0902fe6000 r--p 00062000 08:04 1976551                    /usr/lib/x86_64-linux-gnu/libsndfile.so.1.0.25
7f0902fe6000-7f0902fe7000 rw-p 00064000 08:04 1976551                    /usr/lib/x86_64-linux-gnu/libsndfile.so.1.0.25
7f0902fe7000-7f0902feb000 rw-p 00000000 00:00 0 
7f0902feb000-7f0902ff3000 r-xp 00000000 08:04 791526                     /lib/x86_64-linux-gnu/libwrap.so.0.7.6
7f0902ff3000-7f09031f2000 ---p 00008000 08:04 791526                     /lib/x86_64-linux-gnu/libwrap.so.0.7.6
7f09031f2000-7f09031f3000 r--p 00007000 08:04 791526                     /lib/x86_64-linux-gnu/libwrap.so.0.7.6
7f09031f3000-7f09031f4000 rw-p 00008000 08:04 791526                     /lib/x86_64-linux-gnu/libwrap.so.0.7.6
7f09031f4000-7f09031f5000 rw-p 00000000 00:00 0 
7f09031f5000-7f0903275000 r-xp 00000000 08:04 786464                     /lib/x86_64-linux-gnu/libsystemd.so.0.14.0
7f0903275000-7f0903278000 r--p 0007f000 08:04 786464                     /lib/x86_64-linux-gnu/libsystemd.so.0.14.0
7f0903278000-7f0903279000 rw-p 00082000 08:04 786464                     /lib/x86_64-linux-gnu/libsystemd.so.0.14.0
7f0903279000-7f090327a000 rw-p 00000000 00:00 0 
7f090327a000-7f09032c4000 r-xp 00000000 08:04 793084                     /lib/x86_64-linux-gnu/libdbus-1.so.3.14.6
7f09032c4000-7f09034c4000 ---p 0004a000 08:04 793084                     /lib/x86_64-linux-gnu/libdbus-1.so.3.14.6
7f09034c4000-7f09034c5000 r--p 0004a000 08:04 793084                     /lib/x86_64-linux-gnu/libdbus-1.so.3.14.6
7f09034c5000-7f09034c6000 rw-p 0004b000 08:04 793084                     /lib/x86_64-linux-gnu/libdbus-1.so.3.14.6
7f09034c6000-7f0903540000 r-xp 00000000 08:04 2233106                    /usr/lib/x86_64-linux-gnu/pulseaudio/libpulsecommon-8.0.so
7f0903540000-7f090373f000 ---p 0007a000 08:04 2233106                    /usr/lib/x86_64-linux-gnu/pulseaudio/libpulsecommon-8.0.so
7f090373f000-7f0903740000 r--p 00079000 08:04 2233106                    /usr/lib/x86_64-linux-gnu/pulseaudio/libpulsecommon-8.0.so
7f0903740000-7f0903741000 rw-p 0007a000 08:04 2233106                    /usr/lib/x86_64-linux-gnu/pulseaudio/libpulsecommon-8.0.so
7f0903741000-7f090374b000 r-xp 00000000 08:04 791399                     /lib/x86_64-linux-gnu/libjson-c.so.2.0.0
7f090374b000-7f090394a000 ---p 0000a000 08:04 791399                     /lib/x86_64-linux-gnu/libjson-c.so.2.0.0
7f090394a000-7f090394b000 r--p 00009000 08:04 791399                     /lib/x86_64-linux-gnu/libjson-c.so.2.0.0
7f090394b000-7f090394c000 rw-p 0000a000 08:04 791399                     /lib/x86_64-linux-gnu/libjson-c.so.2.0.0
7f090394c000-7f090399a000 r-xp 00000000 08:04 1967013                    /usr/lib/x86_64-linux-gnu/libpulse.so.0.19.0
7f090399a000-7f0903b9a000 ---p 0004e000 08:04 1967013                    /usr/lib/x86_64-linux-gnu/libpulse.so.0.19.0
7f0903b9a000-7f0903b9b000 r--p 0004e000 08:04 1967013                    /usr/lib/x86_64-linux-gnu/libpulse.so.0.19.0
7f0903b9b000-7f0903b9c000 rw-p 0004f000 08:04 1967013                    /usr/lib/x86_64-linux-gnu/libpulse.so.0.19.0
7f0903b9c000-7f0903bf1000 r-xp 00000000 08:04 1835305                    /tmp/libgdxoprsec/31ce78a2/libopenal64.so
7f0903bf1000-7f0903df0000 ---p 00055000 08:04 1835305                    /tmp/libgdxoprsec/31ce78a2/libopenal64.so
7f0903df0000-7f0903df3000 r--p 00054000 08:04 1835305                    /tmp/libgdxoprsec/31ce78a2/libopenal64.so
7f0903df3000-7f0903df4000 rw-p 00057000 08:04 1835305                    /tmp/libgdxoprsec/31ce78a2/libopenal64.so
7f0903df4000-7f0903df5000 rw-p 00000000 00:00 0 
7f0903df5000-7f0903dff000 r-xp 00000000 08:04 1975473                    /usr/lib/x86_64-linux-gnu/libXrandr.so.2.2.0
7f0903dff000-7f0903ffe000 ---p 0000a000 08:04 1975473                    /usr/lib/x86_64-linux-gnu/libXrandr.so.2.2.0
7f0903ffe000-7f0903fff000 r--p 00009000 08:04 1975473                    /usr/lib/x86_64-linux-gnu/libXrandr.so.2.2.0
7f0903fff000-7f0904000000 rw-p 0000a000 08:04 1975473                    /usr/lib/x86_64-linux-gnu/libXrandr.so.2.2.0
7f0904000000-7f0904021000 rw-p 00000000 00:00 0 
7f0904021000-7f0908000000 ---p 00000000 00:00 0 
7f0908000000-7f0908021000 rw-p 00000000 00:00 0 
7f0908021000-7f090c000000 ---p 00000000 00:00 0 
7f090c000000-7f090c021000 rw-p 00000000 00:00 0 
7f090c021000-7f0910000000 ---p 00000000 00:00 0 
7f0910000000-7f0910021000 rw-p 00000000 00:00 0 
7f0910021000-7f0914000000 ---p 00000000 00:00 0 
7f0914002000-7f0914007000 r-xp 00000000 08:04 1975491                    /usr/lib/x86_64-linux-gnu/libXxf86vm.so.1.0.0
7f0914007000-7f0914206000 ---p 00005000 08:04 1975491                    /usr/lib/x86_64-linux-gnu/libXxf86vm.so.1.0.0
7f0914206000-7f0914207000 r--p 00004000 08:04 1975491                    /usr/lib/x86_64-linux-gnu/libXxf86vm.so.1.0.0
7f0914207000-7f0914208000 rw-p 00005000 08:04 1975491                    /usr/lib/x86_64-linux-gnu/libXxf86vm.so.1.0.0
7f0914208000-7f0914278000 r-xp 00000000 08:04 1835302                    /tmp/libgdxoprsec/31ce78a2/liblwjgl64.so
7f0914278000-7f0914478000 ---p 00070000 08:04 1835302                    /tmp/libgdxoprsec/31ce78a2/liblwjgl64.so
7f0914478000-7f091447a000 r--p 00070000 08:04 1835302                    /tmp/libgdxoprsec/31ce78a2/liblwjgl64.so
7f091447a000-7f091447b000 rw-p 00072000 08:04 1835302                    /tmp/libgdxoprsec/31ce78a2/liblwjgl64.so
7f091447b000-7f091447c000 r-xp 00000000 08:04 1997144                    /usr/lib/jvm/java-8-openjdk-amd64/jre/lib/amd64/libjawt.so
7f091447c000-7f091467b000 ---p 00001000 08:04 1997144                    /usr/lib/jvm/java-8-openjdk-amd64/jre/lib/amd64/libjawt.so
7f091467b000-7f091467c000 r--p 00000000 08:04 1997144                    /usr/lib/jvm/java-8-openjdk-amd64/jre/lib/amd64/libjawt.so
7f091467c000-7f091467d000 rw-p 00001000 08:04 1997144                    /usr/lib/jvm/java-8-openjdk-amd64/jre/lib/amd64/libjawt.so
7f091467d000-7f0914680000 ---p 00000000 00:00 0 
7f0914680000-7f091477e000 rw-p 00000000 00:00 0 
7f091477e000-7f0914783000 r-xp 00000000 08:04 1975457                    /usr/lib/x86_64-linux-gnu/libXfixes.so.3.1.0
7f0914783000-7f0914982000 ---p 00005000 08:04 1975457                    /usr/lib/x86_64-linux-gnu/libXfixes.so.3.1.0
7f0914982000-7f0914983000 r--p 00004000 08:04 1975457                    /usr/lib/x86_64-linux-gnu/libXfixes.so.3.1.0
7f0914983000-7f0914984000 rw-p 00005000 08:04 1975457                    /usr/lib/x86_64-linux-gnu/libXfixes.so.3.1.0
7f0914984000-7f091498d000 r-xp 00000000 08:04 1975449                    /usr/lib/x86_64-linux-gnu/libXcursor.so.1.0.2
7f091498d000-7f0914b8c000 ---p 00009000 08:04 1975449                    /usr/lib/x86_64-linux-gnu/libXcursor.so.1.0.2
7f0914b8c000-7f0914b8d000 r--p 00008000 08:04 1975449                    /usr/lib/x86_64-linux-gnu/libXcursor.so.1.0.2
7f0914b8d000-7f0914b8e000 rw-p 00009000 08:04 1975449                    /usr/lib/x86_64-linux-gnu/libXcursor.so.1.0.2
7f0914b8e000-7f0914b91000 ---p 00000000 00:00 0 
7f0914b91000-7f0914c8f000 rw-p 00000000 00:00 0 
7f0914c8f000-7f0914cb3000 r-xp 00000000 08:04 791481                     /lib/x86_64-linux-gnu/libpng12.so.0.54.0
7f0914cb3000-7f0914eb2000 ---p 00024000 08:04 791481                     /lib/x86_64-linux-gnu/libpng12.so.0.54.0
7f0914eb2000-7f0914eb3000 r--p 00023000 08:04 791481                     /lib/x86_64-linux-gnu/libpng12.so.0.54.0
7f0914eb3000-7f0914eb4000 rw-p 00024000 08:04 791481                     /lib/x86_64-linux-gnu/libpng12.so.0.54.0
7f0914eb4000-7f0914f58000 r-xp 00000000 08:04 1975872                    /usr/lib/x86_64-linux-gnu/libfreetype.so.6.12.1
7f0914f58000-7f0915157000 ---p 000a4000 08:04 1975872                    /usr/lib/x86_64-linux-gnu/libfreetype.so.6.12.1
7f0915157000-7f091515d000 r--p 000a3000 08:04 1975872                    /usr/lib/x86_64-linux-gnu/libfreetype.so.6.12.1
7f091515d000-7f091515e000 rw-p 000a9000 08:04 1975872                    /usr/lib/x86_64-linux-gnu/libfreetype.so.6.12.1
7f091515e000-7f09151b0000 r-xp 00000000 08:04 1972200                    /usr/lib/jvm/java-8-openjdk-amd64/jre/lib/amd64/libfontmanager.so
7f09151b0000-7f09153b0000 ---p 00052000 08:04 1972200                    /usr/lib/jvm/java-8-openjdk-amd64/jre/lib/amd64/libfontmanager.so
7f09153b0000-7f09153b2000 r--p 00052000 08:04 1972200                    /usr/lib/jvm/java-8-openjdk-amd64/jre/lib/amd64/libfontmanager.so
7f09153b2000-7f09153b3000 rw-p 00054000 08:04 1972200                    /usr/lib/jvm/java-8-openjdk-amd64/jre/lib/amd64/libfontmanager.so
7f09153b3000-7f09153b8000 r-xp 00000000 08:04 1975453                    /usr/lib/x86_64-linux-gnu/libXdmcp.so.6.0.0
7f09153b8000-7f09155b7000 ---p 00005000 08:04 1975453                    /usr/lib/x86_64-linux-gnu/libXdmcp.so.6.0.0
7f09155b7000-7f09155b8000 r--p 00004000 08:04 1975453                    /usr/lib/x86_64-linux-gnu/libXdmcp.so.6.0.0
7f09155b8000-7f09155b9000 rw-p 00005000 08:04 1975453                    /usr/lib/x86_64-linux-gnu/libXdmcp.so.6.0.0
7f09155b9000-7f09155bb000 r-xp 00000000 08:04 1975442                    /usr/lib/x86_64-linux-gnu/libXau.so.6.0.0
7f09155bb000-7f09157bb000 ---p 00002000 08:04 1975442                    /usr/lib/x86_64-linux-gnu/libXau.so.6.0.0
7f09157bb000-7f09157bc000 r--p 00002000 08:04 1975442                    /usr/lib/x86_64-linux-gnu/libXau.so.6.0.0
7f09157bc000-7f09157bd000 rw-p 00003000 08:04 1975442                    /usr/lib/x86_64-linux-gnu/libXau.so.6.0.0
7f09157bd000-7f09157de000 r-xp 00000000 08:04 1976820                    /usr/lib/x86_64-linux-gnu/libxcb.so.1.1.0
7f09157de000-7f09159dd000 ---p 00021000 08:04 1976820                    /usr/lib/x86_64-linux-gnu/libxcb.so.1.1.0
7f09159dd000-7f09159de000 r--p 00020000 08:04 1976820                    /usr/lib/x86_64-linux-gnu/libxcb.so.1.1.0
7f09159de000-7f09159df000 rw-p 00021000 08:04 1976820                    /usr/lib/x86_64-linux-gnu/libxcb.so.1.1.0
7f09159df000-7f09159ee000 r-xp 00000000 08:04 1975463                    /usr/lib/x86_64-linux-gnu/libXi.so.6.1.0
7f09159ee000-7f0915bed000 ---p 0000f000 08:04 1975463                    /usr/lib/x86_64-linux-gnu/libXi.so.6.1.0
7f0915bed000-7f0915bee000 r--p 0000e000 08:04 1975463                    /usr/lib/x86_64-linux-gnu/libXi.so.6.1.0
7f0915bee000-7f0915bef000 rw-p 0000f000 08:04 1975463                    /usr/lib/x86_64-linux-gnu/libXi.so.6.1.0
7f0915bef000-7f0915bf4000 r-xp 00000000 08:04 1975481                    /usr/lib/x86_64-linux-gnu/libXtst.so.6.1.0
7f0915bf4000-7f0915df3000 ---p 00005000 08:04 1975481                    /usr/lib/x86_64-linux-gnu/libXtst.so.6.1.0
7f0915df3000-7f0915df4000 r--p 00004000 08:04 1975481                    /usr/lib/x86_64-linux-gnu/libXtst.so.6.1.0
7f0915df4000-7f0915df5000 rw-p 00005000 08:04 1975481                    /usr/lib/x86_64-linux-gnu/libXtst.so.6.1.0
7f0915df5000-7f0915dfe000 r-xp 00000000 08:04 1975475                    /usr/lib/x86_64-linux-gnu/libXrender.so.1.3.0
7f0915dfe000-7f0915ffd000 ---p 00009000 08:04 1975475                    /usr/lib/x86_64-linux-gnu/libXrender.so.1.3.0
7f0915ffd000-7f0915ffe000 r--p 00008000 08:04 1975475                    /usr/lib/x86_64-linux-gnu/libXrender.so.1.3.0
7f0915ffe000-7f0915fff000 rw-p 00009000 08:04 1975475                    /usr/lib/x86_64-linux-gnu/libXrender.so.1.3.0
7f0915fff000-7f0916134000 r-xp 00000000 08:04 1975438                    /usr/lib/x86_64-linux-gnu/libX11.so.6.3.0
7f0916134000-7f0916334000 ---p 00135000 08:04 1975438                    /usr/lib/x86_64-linux-gnu/libX11.so.6.3.0
7f0916334000-7f0916335000 r--p 00135000 08:04 1975438                    /usr/lib/x86_64-linux-gnu/libX11.so.6.3.0
7f0916335000-7f0916339000 rw-p 00136000 08:04 1975438                    /usr/lib/x86_64-linux-gnu/libX11.so.6.3.0
7f0916339000-7f091634a000 r-xp 00000000 08:04 1975455                    /usr/lib/x86_64-linux-gnu/libXext.so.6.4.0
7f091634a000-7f0916549000 ---p 00011000 08:04 1975455                    /usr/lib/x86_64-linux-gnu/libXext.so.6.4.0
7f0916549000-7f091654a000 r--p 00010000 08:04 1975455                    /usr/lib/x86_64-linux-gnu/libXext.so.6.4.0
7f091654a000-7f091654b000 rw-p 00011000 08:04 1975455                    /usr/lib/x86_64-linux-gnu/libXext.so.6.4.0
7f091656e000-7f091656f000 rw-s 53dcdb000 00:06 381                       /dev/dri/card1
7f091656f000-7f0916570000 rw-s 53dcd9000 00:06 381                       /dev/dri/card1
7f0916570000-7f09165c4000 r-xp 00000000 08:04 1997136                    /usr/lib/jvm/java-8-openjdk-amd64/jre/lib/amd64/libawt_xawt.so
7f09165c4000-7f09167c4000 ---p 00054000 08:04 1997136                    /usr/lib/jvm/java-8-openjdk-amd64/jre/lib/amd64/libawt_xawt.so
7f09167c4000-7f09167c5000 r--p 00054000 08:04 1997136                    /usr/lib/jvm/java-8-openjdk-amd64/jre/lib/amd64/libawt_xawt.so
7f09167c5000-7f09167c8000 rw-p 00055000 08:04 1997136                    /usr/lib/jvm/java-8-openjdk-amd64/jre/lib/amd64/libawt_xawt.so
7f09167c8000-7f09167c9000 rw-p 00000000 00:00 0 
7f09167c9000-7f0916869000 r-xp 00000000 08:04 1997143                    /usr/lib/jvm/java-8-openjdk-amd64/jre/lib/amd64/libawt.so
7f0916869000-7f0916a69000 ---p 000a0000 08:04 1997143                    /usr/lib/jvm/java-8-openjdk-amd64/jre/lib/amd64/libawt.so
7f0916a69000-7f0916a6a000 r--p 000a0000 08:04 1997143                    /usr/lib/jvm/java-8-openjdk-amd64/jre/lib/amd64/libawt.so
7f0916a6a000-7f0916a75000 rw-p 000a1000 08:04 1997143                    /usr/lib/jvm/java-8-openjdk-amd64/jre/lib/amd64/libawt.so
7f0916a75000-7f0916a9a000 rw-p 00000000 00:00 0 
7f0916a9a000-7f0916ad2000 r-xp 00000000 08:04 1835300                    /tmp/libgdxoprsec/6ef2d459/libgdx64.so
7f0916ad2000-7f0916cd1000 ---p 00038000 08:04 1835300                    /tmp/libgdxoprsec/6ef2d459/libgdx64.so
7f0916cd1000-7f0916cd2000 r--p 00037000 08:04 1835300                    /tmp/libgdxoprsec/6ef2d459/libgdx64.so
7f0916cd2000-7f0916cd3000 rw-p 00038000 08:04 1835300                    /tmp/libgdxoprsec/6ef2d459/libgdx64.so
7f0916cd3000-7f0916cef000 r--s 001ae000 08:04 564682                     /home/oprsec/Desktop/ld/LD/lib/gdx.jar
7f0916cef000-7f0916d18000 r--s 002c5000 08:04 564677                     /home/oprsec/Desktop/ld/LD/lib/gdx-backend-lwjgl3.jar
7f0916d18000-7f0916d19000 ---p 00000000 00:00 0 
7f0916d19000-7f0916e19000 rw-p 00000000 00:00 0 
7f0916e19000-7f0916e1c000 ---p 00000000 00:00 0 
7f0916e1c000-7f0916f1a000 rw-p 00000000 00:00 0 
7f0916f1a000-7f0916f1d000 ---p 00000000 00:00 0 
7f0916f1d000-7f091701b000 rw-p 00000000 00:00 0 
7f091701b000-7f091701e000 ---p 00000000 00:00 0 
7f091701e000-7f091711c000 rw-p 00000000 00:00 0 
7f091711c000-7f091711f000 ---p 00000000 00:00 0 
7f091711f000-7f091721d000 rw-p 00000000 00:00 0 
7f091721d000-7f0917220000 ---p 00000000 00:00 0 
7f0917220000-7f091731e000 rw-p 00000000 00:00 0 
7f091731e000-7f09175f6000 r--p 00000000 08:04 1968957                    /usr/lib/locale/locale-archive
7f09175f6000-7f09175f9000 ---p 00000000 00:00 0 
7f09175f9000-7f09176f7000 rw-p 00000000 00:00 0 
7f09176f7000-7f09176fa000 ---p 00000000 00:00 0 
7f09176fa000-7f09177f8000 rw-p 00000000 00:00 0 
7f09177f8000-7f09177f9000 ---p 00000000 00:00 0 
7f09177f9000-7f0918000000 rw-p 00000000 00:00 0 
7f0918000000-7f0918021000 rw-p 00000000 00:00 0 
7f0918021000-7f091c000000 ---p 00000000 00:00 0 
7f091c000000-7f091c021000 rw-p 00000000 00:00 0 
7f091c021000-7f0920000000 ---p 00000000 00:00 0 
7f0920000000-7f0920021000 rw-p 00000000 00:00 0 
7f0920021000-7f0924000000 ---p 00000000 00:00 0 
7f0924000000-7f0924001000 rw-s 53dcd7000 00:06 381                       /dev/dri/card1
7f0924001000-7f0924014000 r--s 00346000 08:04 1997163                    /usr/lib/jvm/java-8-openjdk-amd64/jre/lib/resources.jar
7f0924014000-7f09240aa000 r--s 008d7000 08:04 2395459                    /usr/share/java/openjfx/jre/lib/ext/jfxrt.jar
7f09240aa000-7f09248b2000 rw-p 00000000 00:00 0 
7f09248b2000-7f0924a80000 r--s 03bf1000 08:04 1997166                    /usr/lib/jvm/java-8-openjdk-amd64/jre/lib/rt.jar
7f0924a80000-7f0929000000 rw-p 00000000 00:00 0 
7f0929000000-7f09297e0000 rwxp 00000000 00:00 0 
7f09297e0000-7f0938000000 ---p 00000000 00:00 0 
7f0938000000-7f09383bd000 rw-p 00000000 00:00 0 
7f09383bd000-7f093c000000 ---p 00000000 00:00 0 
7f093c003000-7f093c004000 rwxp 00000000 00:00 0 
7f093c004000-7f093c005000 rw-s 2c1728000 00:06 381                       /dev/dri/card1
7f093c005000-7f093c00c000 r--s 00000000 08:04 2234179                    /usr/lib/x86_64-linux-gnu/gconv/gconv-modules.cache
7f093c00c000-7f093c010000 r--s 00097000 08:04 1997183                    /usr/lib/jvm/java-8-openjdk-amd64/jre/lib/jsse.jar
7f093c010000-7f093c011000 r--s 002ec000 08:04 564683                     /home/oprsec/Desktop/ld/LD/lib/lwjgl-natives.jar
7f093c011000-7f093c016000 r--s 00168000 08:04 564681                     /home/oprsec/Desktop/ld/LD/lib/gdx-setup.jar
7f093c016000-7f093c017000 r--s 000d5000 08:04 564680                     /home/oprsec/Desktop/ld/LD/lib/gdx-natives.jar
7f093c017000-7f093c019000 r--s 00008000 08:04 564679                     /home/oprsec/Desktop/ld/LD/lib/gdx-freetype.jar
7f093c019000-7f093c01a000 r--s 0021a000 08:04 564678                     /home/oprsec/Desktop/ld/LD/lib/gdx-freetype-natives.jar
7f093c01a000-7f093c02b000 r--s 00134000 08:04 564676                     /home/oprsec/Desktop/ld/LD/lib/gdx-backend-lwjgl.jar
7f093c02b000-7f093c046000 r--s 00394000 08:04 1997147                    /usr/lib/jvm/java-8-openjdk-amd64/jre/lib/ext/cldrdata.jar
7f093c046000-7f093c061000 r--s 001d5000 08:04 1997148                    /usr/lib/jvm/java-8-openjdk-amd64/jre/lib/ext/nashorn.jar
7f093c061000-7f093c580000 rw-p 00000000 00:00 0 
7f093c580000-7f093c581000 ---p 00000000 00:00 0 
7f093c581000-7f093c681000 rw-p 00000000 00:00 0 
7f093c681000-7f093c682000 ---p 00000000 00:00 0 
7f093c682000-7f093c782000 rw-p 00000000 00:00 0 
7f093c782000-7f093c783000 ---p 00000000 00:00 0 
7f093c783000-7f093c883000 rw-p 00000000 00:00 0 
7f093c883000-7f093c884000 ---p 00000000 00:00 0 
7f093c884000-7f093c9ae000 rw-p 00000000 00:00 0 
7f093c9ae000-7f093cc14000 ---p 00000000 00:00 0 
7f093cc14000-7f093cc3e000 rw-p 00000000 00:00 0 
7f093cc3e000-7f093cea4000 ---p 00000000 00:00 0 
7f093cea4000-7f093ceb1000 rw-p 00000000 00:00 0 
7f093ceb1000-7f093cfec000 ---p 00000000 00:00 0 
7f093cfec000-7f093d00d000 rw-p 00000000 00:00 0 
7f093d00d000-7f093d3ad000 ---p 00000000 00:00 0 
7f093d3ad000-7f093d3b5000 r-xp 00000000 08:04 1997122                    /usr/lib/jvm/java-8-openjdk-amd64/jre/lib/amd64/libzip.so
7f093d3b5000-7f093d5b4000 ---p 00008000 08:04 1997122                    /usr/lib/jvm/java-8-openjdk-amd64/jre/lib/amd64/libzip.so
7f093d5b4000-7f093d5b5000 r--p 00007000 08:04 1997122                    /usr/lib/jvm/java-8-openjdk-amd64/jre/lib/amd64/libzip.so
7f093d5b5000-7f093d5b6000 rw-p 00008000 08:04 1997122                    /usr/lib/jvm/java-8-openjdk-amd64/jre/lib/amd64/libzip.so
7f093d5b6000-7f093d5c1000 r-xp 00000000 08:04 786689                     /lib/x86_64-linux-gnu/libnss_files-2.23.so
7f093d5c1000-7f093d7c0000 ---p 0000b000 08:04 786689                     /lib/x86_64-linux-gnu/libnss_files-2.23.so
7f093d7c0000-7f093d7c1000 r--p 0000a000 08:04 786689                     /lib/x86_64-linux-gnu/libnss_files-2.23.so
7f093d7c1000-7f093d7c2000 rw-p 0000b000 08:04 786689                     /lib/x86_64-linux-gnu/libnss_files-2.23.so
7f093d7c2000-7f093d7c8000 rw-p 00000000 00:00 0 
7f093d7c8000-7f093d7d3000 r-xp 00000000 08:04 786683                     /lib/x86_64-linux-gnu/libnss_nis-2.23.so
7f093d7d3000-7f093d9d2000 ---p 0000b000 08:04 786683                     /lib/x86_64-linux-gnu/libnss_nis-2.23.so
7f093d9d2000-7f093d9d3000 r--p 0000a000 08:04 786683                     /lib/x86_64-linux-gnu/libnss_nis-2.23.so
7f093d9d3000-7f093d9d4000 rw-p 0000b000 08:04 786683                     /lib/x86_64-linux-gnu/libnss_nis-2.23.so
7f093d9d4000-7f093d9ea000 r-xp 00000000 08:04 786679                     /lib/x86_64-linux-gnu/libnsl-2.23.so
7f093d9ea000-7f093dbe9000 ---p 00016000 08:04 786679                     /lib/x86_64-linux-gnu/libnsl-2.23.so
7f093dbe9000-7f093dbea000 r--p 00015000 08:04 786679                     /lib/x86_64-linux-gnu/libnsl-2.23.so
7f093dbea000-7f093dbeb000 rw-p 00016000 08:04 786679                     /lib/x86_64-linux-gnu/libnsl-2.23.so
7f093dbeb000-7f093dbed000 rw-p 00000000 00:00 0 
7f093dbed000-7f093dbf5000 r-xp 00000000 08:04 786675                     /lib/x86_64-linux-gnu/libnss_compat-2.23.so
7f093dbf5000-7f093ddf4000 ---p 00008000 08:04 786675                     /lib/x86_64-linux-gnu/libnss_compat-2.23.so
7f093ddf4000-7f093ddf5000 r--p 00007000 08:04 786675                     /lib/x86_64-linux-gnu/libnss_compat-2.23.so
7f093ddf5000-7f093ddf6000 rw-p 00008000 08:04 786675                     /lib/x86_64-linux-gnu/libnss_compat-2.23.so
7f093ddf6000-7f093de23000 r-xp 00000000 08:04 1972204                    /usr/lib/jvm/java-8-openjdk-amd64/jre/lib/amd64/libjava.so
7f093de23000-7f093e022000 ---p 0002d000 08:04 1972204                    /usr/lib/jvm/java-8-openjdk-amd64/jre/lib/amd64/libjava.so
7f093e022000-7f093e023000 r--p 0002c000 08:04 1972204                    /usr/lib/jvm/java-8-openjdk-amd64/jre/lib/amd64/libjava.so
7f093e023000-7f093e025000 rw-p 0002d000 08:04 1972204                    /usr/lib/jvm/java-8-openjdk-amd64/jre/lib/amd64/libjava.so
7f093e025000-7f093e034000 r-xp 00000000 08:04 1997120                    /usr/lib/jvm/java-8-openjdk-amd64/jre/lib/amd64/libverify.so
7f093e034000-7f093e233000 ---p 0000f000 08:04 1997120                    /usr/lib/jvm/java-8-openjdk-amd64/jre/lib/amd64/libverify.so
7f093e233000-7f093e235000 r--p 0000e000 08:04 1997120                    /usr/lib/jvm/java-8-openjdk-amd64/jre/lib/amd64/libverify.so
7f093e235000-7f093e236000 rw-p 00010000 08:04 1997120                    /usr/lib/jvm/java-8-openjdk-amd64/jre/lib/amd64/libverify.so
7f093e236000-7f093e23d000 r-xp 00000000 08:04 786707                     /lib/x86_64-linux-gnu/librt-2.23.so
7f093e23d000-7f093e43c000 ---p 00007000 08:04 786707                     /lib/x86_64-linux-gnu/librt-2.23.so
7f093e43c000-7f093e43d000 r--p 00006000 08:04 786707                     /lib/x86_64-linux-gnu/librt-2.23.so
7f093e43d000-7f093e43e000 rw-p 00007000 08:04 786707                     /lib/x86_64-linux-gnu/librt-2.23.so
7f093e43e000-7f093e454000 r-xp 00000000 08:04 791378                     /lib/x86_64-linux-gnu/libgcc_s.so.1
7f093e454000-7f093e653000 ---p 00016000 08:04 791378                     /lib/x86_64-linux-gnu/libgcc_s.so.1
7f093e653000-7f093e654000 rw-p 00015000 08:04 791378                     /lib/x86_64-linux-gnu/libgcc_s.so.1
7f093e654000-7f093e75c000 r-xp 00000000 08:04 786701                     /lib/x86_64-linux-gnu/libm-2.23.so
7f093e75c000-7f093e95b000 ---p 00108000 08:04 786701                     /lib/x86_64-linux-gnu/libm-2.23.so
7f093e95b000-7f093e95c000 r--p 00107000 08:04 786701                     /lib/x86_64-linux-gnu/libm-2.23.so
7f093e95c000-7f093e95d000 rw-p 00108000 08:04 786701                     /lib/x86_64-linux-gnu/libm-2.23.so
7f093e95d000-7f093eacf000 r-xp 00000000 08:04 1967502                    /usr/lib/x86_64-linux-gnu/libstdc++.so.6.0.21
7f093eacf000-7f093eccf000 ---p 00172000 08:04 1967502                    /usr/lib/x86_64-linux-gnu/libstdc++.so.6.0.21
7f093eccf000-7f093ecd9000 r--p 00172000 08:04 1967502                    /usr/lib/x86_64-linux-gnu/libstdc++.so.6.0.21
7f093ecd9000-7f093ecdb000 rw-p 0017c000 08:04 1967502                    /usr/lib/x86_64-linux-gnu/libstdc++.so.6.0.21
7f093ecdb000-7f093ecdf000 rw-p 00000000 00:00 0 
7f093ecdf000-7f093f92e000 r-xp 00000000 08:04 1997123                    /usr/lib/jvm/java-8-openjdk-amd64/jre/lib/amd64/server/libjvm.so
7f093f92e000-7f093fb2d000 ---p 00c4f000 08:04 1997123                    /usr/lib/jvm/java-8-openjdk-amd64/jre/lib/amd64/server/libjvm.so
7f093fb2d000-7f093fbc0000 r--p 00c4e000 08:04 1997123                    /usr/lib/jvm/java-8-openjdk-amd64/jre/lib/amd64/server/libjvm.so
7f093fbc0000-7f093fbe9000 rw-p 00ce1000 08:04 1997123                    /usr/lib/jvm/java-8-openjdk-amd64/jre/lib/amd64/server/libjvm.so
7f093fbe9000-7f093fc19000 rw-p 00000000 00:00 0 
7f093fc19000-7f093fc31000 r-xp 00000000 08:04 786714                     /lib/x86_64-linux-gnu/libpthread-2.23.so
7f093fc31000-7f093fe30000 ---p 00018000 08:04 786714                     /lib/x86_64-linux-gnu/libpthread-2.23.so
7f093fe30000-7f093fe31000 r--p 00017000 08:04 786714                     /lib/x86_64-linux-gnu/libpthread-2.23.so
7f093fe31000-7f093fe32000 rw-p 00018000 08:04 786714                     /lib/x86_64-linux-gnu/libpthread-2.23.so
7f093fe32000-7f093fe36000 rw-p 00000000 00:00 0 
7f093fe36000-7f093fe39000 r-xp 00000000 08:04 786716                     /lib/x86_64-linux-gnu/libdl-2.23.so
7f093fe39000-7f0940038000 ---p 00003000 08:04 786716                     /lib/x86_64-linux-gnu/libdl-2.23.so
7f0940038000-7f0940039000 r--p 00002000 08:04 786716                     /lib/x86_64-linux-gnu/libdl-2.23.so
7f0940039000-7f094003a000 rw-p 00003000 08:04 786716                     /lib/x86_64-linux-gnu/libdl-2.23.so
7f094003a000-7f0940053000 r-xp 00000000 08:04 791531                     /lib/x86_64-linux-gnu/libz.so.1.2.8
7f0940053000-7f0940252000 ---p 00019000 08:04 791531                     /lib/x86_64-linux-gnu/libz.so.1.2.8
7f0940252000-7f0940253000 r--p 00018000 08:04 791531                     /lib/x86_64-linux-gnu/libz.so.1.2.8
7f0940253000-7f0940254000 rw-p 00019000 08:04 791531                     /lib/x86_64-linux-gnu/libz.so.1.2.8
7f0940254000-7f0940413000 r-xp 00000000 08:04 786715                     /lib/x86_64-linux-gnu/libc-2.23.so
7f0940413000-7f0940613000 ---p 001bf000 08:04 786715                     /lib/x86_64-linux-gnu/libc-2.23.so
7f0940613000-7f0940617000 r--p 001bf000 08:04 786715                     /lib/x86_64-linux-gnu/libc-2.23.so
7f0940617000-7f0940619000 rw-p 001c3000 08:04 786715                     /lib/x86_64-linux-gnu/libc-2.23.so
7f0940619000-7f094061d000 rw-p 00000000 00:00 0 
7f094061d000-7f094062a000 r-xp 00000000 08:04 1997119                    /usr/lib/jvm/java-8-openjdk-amd64/jre/lib/amd64/jli/libjli.so
7f094062a000-7f094082a000 ---p 0000d000 08:04 1997119                    /usr/lib/jvm/java-8-openjdk-amd64/jre/lib/amd64/jli/libjli.so
7f094082a000-7f094082b000 r--p 0000d000 08:04 1997119                    /usr/lib/jvm/java-8-openjdk-amd64/jre/lib/amd64/jli/libjli.so
7f094082b000-7f094082c000 rw-p 0000e000 08:04 1997119                    /usr/lib/jvm/java-8-openjdk-amd64/jre/lib/amd64/jli/libjli.so
7f094082c000-7f0940852000 r-xp 00000000 08:04 786709                     /lib/x86_64-linux-gnu/ld-2.23.so
7f0940852000-7f0940853000 r--s 0018c000 08:04 564675                     /home/oprsec/Desktop/ld/LD/lib/gdx-backend-lwjgl-natives.jar
7f0940853000-7f0940856000 r--s 0002c000 08:04 564674                     /home/oprsec/Desktop/ld/LD/lib/gdx-backend-jglfw.jar
7f0940856000-7f0940857000 r--s 00142000 08:04 564673                     /home/oprsec/Desktop/ld/LD/lib/gdx-backend-jglfw-natives.jar
7f0940857000-7f0940858000 r--s 00005000 08:04 564672                     /home/oprsec/Desktop/ld/LD/lib/gdx-backend-headless.jar
7f0940858000-7f0940859000 r--s 0000a000 08:04 1997151                    /usr/lib/jvm/java-8-openjdk-amd64/jre/lib/ext/jaccess.jar
7f0940859000-7f0940924000 rw-p 00000000 00:00 0 
7f0940924000-7f0940927000 ---p 00000000 00:00 0 
7f0940927000-7f0940a2a000 rw-p 00000000 00:00 0 
7f0940a2a000-7f0940a34000 r--s 00116000 08:04 1997153                    /usr/lib/jvm/java-8-openjdk-amd64/jre/lib/ext/localedata.jar
7f0940a34000-7f0940a37000 r--s 0000f000 08:04 1997155                    /usr/lib/jvm/java-8-openjdk-amd64/jre/lib/ext/icedtea-sound.jar
7f0940a37000-7f0940a3c000 r--s 0003b000 08:04 1997149                    /usr/lib/jvm/java-8-openjdk-amd64/jre/lib/ext/sunjce_provider.jar
7f0940a3c000-7f0940a3d000 r--s 00010000 08:04 1997154                    /usr/lib/jvm/java-8-openjdk-amd64/jre/lib/ext/zipfs.jar
7f0940a3d000-7f0940a3f000 r--s 00008000 08:04 1997152                    /usr/lib/jvm/java-8-openjdk-amd64/jre/lib/ext/sunec.jar
7f0940a3f000-7f0940a43000 r--s 00037000 08:04 1997150                    /usr/lib/jvm/java-8-openjdk-amd64/jre/lib/ext/sunpkcs11.jar
7f0940a43000-7f0940a45000 r--s 00001000 08:04 1997156                    /usr/lib/jvm/java-8-openjdk-amd64/jre/lib/ext/dnsns.jar
7f0940a45000-7f0940a4d000 rw-s 00000000 08:04 1835730                    /tmp/hsperfdata_oprsec/21642 (deleted)
7f0940a4d000-7f0940a4e000 rw-p 00000000 00:00 0 
7f0940a4e000-7f0940a4f000 ---p 00000000 00:00 0 
7f0940a4f000-7f0940a51000 rw-p 00000000 00:00 0 
7f0940a51000-7f0940a52000 r--p 00025000 08:04 786709                     /lib/x86_64-linux-gnu/ld-2.23.so
7f0940a52000-7f0940a53000 rw-p 00026000 08:04 786709                     /lib/x86_64-linux-gnu/ld-2.23.so
7f0940a53000-7f0940a54000 rw-p 00000000 00:00 0 
7ffe7b355000-7ffe7b376000 rw-p 00000000 00:00 0                          [stack]
7ffe7b38a000-7ffe7b38c000 r--p 00000000 00:00 0                          [vvar]
7ffe7b38c000-7ffe7b38e000 r-xp 00000000 00:00 0                          [vdso]
ffffffffff600000-ffffffffff601000 r-xp 00000000 00:00 0                  [vsyscall]

VM Arguments:
jvm_args: -Dfile.encoding=UTF-8 
java_command: com.ld.game.Launcher
java_class_path (initial): /home/oprsec/Desktop/ld/LD/bin:/home/oprsec/Desktop/ld/LD/lib/gdx-backend-headless.jar:/home/oprsec/Desktop/ld/LD/lib/gdx-backend-jglfw-natives.jar:/home/oprsec/Desktop/ld/LD/lib/gdx-backend-jglfw.jar:/home/oprsec/Desktop/ld/LD/lib/gdx-backend-lwjgl-natives.jar:/home/oprsec/Desktop/ld/LD/lib/gdx-backend-lwjgl.jar:/home/oprsec/Desktop/ld/LD/lib/gdx-backend-lwjgl3.jar:/home/oprsec/Desktop/ld/LD/lib/gdx-freetype-natives.jar:/home/oprsec/Desktop/ld/LD/lib/gdx-freetype.jar:/home/oprsec/Desktop/ld/LD/lib/gdx-natives.jar:/home/oprsec/Desktop/ld/LD/lib/gdx-setup.jar:/home/oprsec/Desktop/ld/LD/lib/gdx.jar:/home/oprsec/Desktop/ld/LD/lib/lwjgl-natives.jar
Launcher Type: SUN_STANDARD

Environment Variables:
PATH=/usr/local/sbin:/usr/local/bin:/usr/sbin:/usr/bin:/sbin:/bin:/usr/games:/usr/local/games:/snap/bin
SHELL=/bin/bash
DISPLAY=:0

Signal Handlers:
SIGSEGV: [libjvm.so+0xa65880], sa_mask[0]=11111111011111111101111111111110, sa_flags=SA_RESTART|SA_SIGINFO
SIGBUS: [libjvm.so+0xa65880], sa_mask[0]=11111111011111111101111111111110, sa_flags=SA_RESTART|SA_SIGINFO
SIGFPE: [libjvm.so+0x8af1c0], sa_mask[0]=11111111011111111101111111111110, sa_flags=SA_RESTART|SA_SIGINFO
SIGPIPE: [libjvm.so+0x8af1c0], sa_mask[0]=11111111011111111101111111111110, sa_flags=SA_RESTART|SA_SIGINFO
SIGXFSZ: [libjvm.so+0x8af1c0], sa_mask[0]=11111111011111111101111111111110, sa_flags=SA_RESTART|SA_SIGINFO
SIGILL: [libjvm.so+0x8af1c0], sa_mask[0]=11111111011111111101111111111110, sa_flags=SA_RESTART|SA_SIGINFO
SIGUSR1: SIG_DFL, sa_mask[0]=00000000000000000000000000000000, sa_flags=none
SIGUSR2: [libjvm.so+0x8af070], sa_mask[0]=00100000000000000000000000000000, sa_flags=SA_RESTART|SA_SIGINFO
SIGHUP: [libjvm.so+0x8af540], sa_mask[0]=11111111011111111101111111111110, sa_flags=SA_RESTART|SA_SIGINFO
SIGINT: [libjvm.so+0x8af540], sa_mask[0]=11111111011111111101111111111110, sa_flags=SA_RESTART|SA_SIGINFO
SIGTERM: [libjvm.so+0x8af540], sa_mask[0]=11111111011111111101111111111110, sa_flags=SA_RESTART|SA_SIGINFO
SIGQUIT: [libjvm.so+0x8af540], sa_mask[0]=11111111011111111101111111111110, sa_flags=SA_RESTART|SA_SIGINFO


---------------  S Y S T E M  ---------------

OS:DISTRIB_ID=Ubuntu
DISTRIB_RELEASE=16.04
DISTRIB_CODENAME=xenial
DISTRIB_DESCRIPTION="Ubuntu 16.04.1 LTS"

uname:Linux 4.4.0-53-generic #74-Ubuntu SMP Fri Dec 2 15:59:10 UTC 2016 x86_64
libc:glibc 2.23 NPTL 2.23 
rlimit: STACK 8192k, CORE 0k, NPROC 31307, NOFILE 65536, AS infinity
load average:9.20 8.86 8.45

/proc/meminfo:
MemTotal:        8054968 kB
MemFree:          130884 kB
MemAvailable:     214360 kB
Buffers:           15864 kB
Cached:           298964 kB
SwapCached:         7900 kB
Active:          5915360 kB
Inactive:        1248412 kB
Active(anon):    5799140 kB
Inactive(anon):  1146492 kB
Active(file):     116220 kB
Inactive(file):   101920 kB
Unevictable:          32 kB
Mlocked:              32 kB
SwapTotal:       8266748 kB
SwapFree:        7921920 kB
Dirty:              1708 kB
Writeback:             0 kB
AnonPages:       6842860 kB
Mapped:           248644 kB
Shmem:             96168 kB
Slab:             581100 kB
SReclaimable:     169712 kB
SUnreclaim:       411388 kB
KernelStack:       14144 kB
PageTables:        60848 kB
NFS_Unstable:          0 kB
Bounce:                0 kB
WritebackTmp:          0 kB
CommitLimit:    12294232 kB
Committed_AS:   11334048 kB
VmallocTotal:   34359738367 kB
VmallocUsed:           0 kB
VmallocChunk:          0 kB
HardwareCorrupted:     0 kB
AnonHugePages:   4122624 kB
CmaTotal:              0 kB
CmaFree:               0 kB
HugePages_Total:       0
HugePages_Free:        0
HugePages_Rsvd:        0
HugePages_Surp:        0
Hugepagesize:       2048 kB
DirectMap4k:      132264 kB
DirectMap2M:     8136704 kB


CPU:total 4 (4 cores per cpu, 1 threads per core) family 6 model 42 stepping 7, cmov, cx8, fxsr, mmx, sse, sse2, sse3, ssse3, sse4.1, sse4.2, popcnt, avx, aes, clmul, tsc, tscinvbit

/proc/cpuinfo:
processor	: 0
vendor_id	: GenuineIntel
cpu family	: 6
model		: 42
model name	: Intel(R) Core(TM) i5-2500K CPU @ 3.30GHz
stepping	: 7
microcode	: 0x29
cpu MHz		: 3399.902
cache size	: 6144 KB
physical id	: 0
siblings	: 4
core id		: 0
cpu cores	: 4
apicid		: 0
initial apicid	: 0
fpu		: yes
fpu_exception	: yes
cpuid level	: 13
wp		: yes
flags		: fpu vme de pse tsc msr pae mce cx8 apic sep mtrr pge mca cmov pat pse36 clflush dts acpi mmx fxsr sse sse2 ss ht tm pbe syscall nx rdtscp lm constant_tsc arch_perfmon pebs bts rep_good nopl xtopology nonstop_tsc aperfmperf eagerfpu pni pclmulqdq dtes64 monitor ds_cpl vmx est tm2 ssse3 cx16 xtpr pdcm pcid sse4_1 sse4_2 popcnt tsc_deadline_timer aes xsave avx lahf_lm epb tpr_shadow vnmi flexpriority ept vpid xsaveopt dtherm ida arat pln pts
bugs		:
bogomips	: 6600.12
clflush size	: 64
cache_alignment	: 64
address sizes	: 36 bits physical, 48 bits virtual
power management:

processor	: 1
vendor_id	: GenuineIntel
cpu family	: 6
model		: 42
model name	: Intel(R) Core(TM) i5-2500K CPU @ 3.30GHz
stepping	: 7
microcode	: 0x29
cpu MHz		: 3399.902
cache size	: 6144 KB
physical id	: 0
siblings	: 4
core id		: 1
cpu cores	: 4
apicid		: 2
initial apicid	: 2
fpu		: yes
fpu_exception	: yes
cpuid level	: 13
wp		: yes
flags		: fpu vme de pse tsc msr pae mce cx8 apic sep mtrr pge mca cmov pat pse36 clflush dts acpi mmx fxsr sse sse2 ss ht tm pbe syscall nx rdtscp lm constant_tsc arch_perfmon pebs bts rep_good nopl xtopology nonstop_tsc aperfmperf eagerfpu pni pclmulqdq dtes64 monitor ds_cpl vmx est tm2 ssse3 cx16 xtpr pdcm pcid sse4_1 sse4_2 popcnt tsc_deadline_timer aes xsave avx lahf_lm epb tpr_shadow vnmi flexpriority ept vpid xsaveopt dtherm ida arat pln pts
bugs		:
bogomips	: 6600.12
clflush size	: 64
cache_alignment	: 64
address sizes	: 36 bits physical, 48 bits virtual
power management:

processor	: 2
vendor_id	: GenuineIntel
cpu family	: 6
model		: 42
model name	: Intel(R) Core(TM) i5-2500K CPU @ 3.30GHz
stepping	: 7
microcode	: 0x29
cpu MHz		: 3399.902
cache size	: 6144 KB
physical id	: 0
siblings	: 4
core id		: 2
cpu cores	: 4
apicid		: 4
initial apicid	: 4
fpu		: yes
fpu_exception	: yes
cpuid level	: 13
wp		: yes
flags		: fpu vme de pse tsc msr pae mce cx8 apic sep mtrr pge mca cmov pat pse36 clflush dts acpi mmx fxsr sse sse2 ss ht tm pbe syscall nx rdtscp lm constant_tsc arch_perfmon pebs bts rep_good nopl xtopology nonstop_tsc aperfmperf eagerfpu pni pclmulqdq dtes64 monitor ds_cpl vmx est tm2 ssse3 cx16 xtpr pdcm pcid sse4_1 sse4_2 popcnt tsc_deadline_timer aes xsave avx lahf_lm epb tpr_shadow vnmi flexpriority ept vpid xsaveopt dtherm ida arat pln pts
bugs		:
bogomips	: 6600.12
clflush size	: 64
cache_alignment	: 64
address sizes	: 36 bits physical, 48 bits virtual
power management:

processor	: 3
vendor_id	: GenuineIntel
cpu family	: 6
model		: 42
model name	: Intel(R) Core(TM) i5-2500K CPU @ 3.30GHz
stepping	: 7
microcode	: 0x29
cpu MHz		: 3399.902
cache size	: 6144 KB
physical id	: 0
siblings	: 4
core id		: 3
cpu cores	: 4
apicid		: 6
initial apicid	: 6
fpu		: yes
fpu_exception	: yes
cpuid level	: 13
wp		: yes
flags		: fpu vme de pse tsc msr pae mce cx8 apic sep mtrr pge mca cmov pat pse36 clflush dts acpi mmx fxsr sse sse2 ss ht tm pbe syscall nx rdtscp lm constant_tsc arch_perfmon pebs bts rep_good nopl xtopology nonstop_tsc aperfmperf eagerfpu pni pclmulqdq dtes64 monitor ds_cpl vmx est tm2 ssse3 cx16 xtpr pdcm pcid sse4_1 sse4_2 popcnt tsc_deadline_timer aes xsave avx lahf_lm epb tpr_shadow vnmi flexpriority ept vpid xsaveopt dtherm ida arat pln pts
bugs		:
bogomips	: 6600.12
clflush size	: 64
cache_alignment	: 64
address sizes	: 36 bits physical, 48 bits virtual
power management:



Memory: 4k page, physical 8054968k(130720k free), swap 8266748k(7921920k free)

vm_info: OpenJDK 64-Bit Server VM (25.111-b14) for linux-amd64 JRE (1.8.0_111-8u111-b14-2ubuntu0.16.04.2-b14), built on Oct 27 2016 18:10:19 by "buildd" with gcc 5.4.0 20160609

time: Sun Dec 11 19:25:00 2016
elapsed time: 867 seconds (0d 0h 14m 27s)

